This file contains any messages produced by compilers while
running configure, to aid debugging if configure makes a mistake.

It was created by libmodbus configure 3.1.2, which was
generated by GNU Autoconf 2.69.  Invocation command line was

  $ ./configure 

## --------- ##
## Platform. ##
## --------- ##

hostname = combatthis
uname -m = x86_64
uname -r = 6.1.57-un-def-alt1
uname -s = Linux
uname -v = #1 SMP PREEMPT_DYNAMIC Wed Oct 11 00:30:07 UTC 2023

/usr/bin/uname -p = unknown
/bin/uname -X     = unknown

/bin/arch              = unknown
/usr/bin/arch -k       = unknown
/usr/convex/getsysinfo = unknown
/usr/bin/hostinfo      = unknown
/bin/machine           = unknown
/usr/bin/oslevel       = unknown
/bin/universe          = unknown

PATH: /home/master/.cargo/bin
PATH: /home/master/bin
PATH: /usr/local/bin
PATH: /usr/lib/kf5/bin
PATH: /usr/bin
PATH: /bin
PATH: /usr/games
PATH: /var/lib/snapd/snap/bin
PATH: /sbin
PATH: /home/master/.local/share/JetBrains/Toolbox/scripts
PATH: /sbin
PATH: /sbin
PATH: /sbin
PATH: /usr/local/go/bin
PATH: /sbin
PATH: /sbin
PATH: /sbin
PATH: /sbin
PATH: /sbin


## ----------- ##
## Core tests. ##
## ----------- ##

configure:2676: checking for a BSD-compatible install
configure:2744: result: /usr/bin/ginstall -c
configure:2755: checking whether build environment is sane
configure:2810: result: yes
configure:2956: checking for a thread-safe mkdir -p
configure:2995: result: /bin/mkdir -p
configure:3002: checking for gawk
configure:3018: found /usr/bin/gawk
configure:3029: result: gawk
configure:3040: checking whether make sets $(MAKE)
configure:3062: result: yes
configure:3091: checking whether make supports nested variables
configure:3108: result: yes
configure:3187: checking how to create a pax tar archive
configure:3198: tar --version
tar (GNU tar) 1.34
Copyright (C) 2021 Free Software Foundation, Inc.
License GPLv3+: GNU GPL version 3 or later <https://gnu.org/licenses/gpl.html>.
This is free software: you are free to change and redistribute it.
There is NO WARRANTY, to the extent permitted by law.

Written by John Gilmore and Jay Fenlason.
configure:3201: $? = 0
configure:3241: tardir=conftest.dir && eval tar --format=posix -chf - "$tardir" >conftest.tar
configure:3244: $? = 0
configure:3248: tar -xf - <conftest.tar
configure:3251: $? = 0
configure:3253: cat conftest.dir/file
GrepMe
configure:3256: $? = 0
configure:3269: result: gnutar
configure:3323: checking whether make supports the include directive
configure:3338: make -f confmf.GNU && cat confinc.out
this is the am__doit target
configure:3341: $? = 0
configure:3360: result: yes (GNU style)
configure:3430: checking for gcc
configure:3446: found /usr/bin/gcc
configure:3457: result: gcc
configure:3686: checking for C compiler version
configure:3695: gcc --version >&5
x86_64-alt-linux-gcc (GCC) 10.3.1 20210703 (ALT Sisyphus 10.3.1-alt2)
Copyright (C) 2020 Free Software Foundation, Inc.
This is free software; see the source for copying conditions.  There is NO
warranty; not even for MERCHANTABILITY or FITNESS FOR A PARTICULAR PURPOSE.

configure:3706: $? = 0
configure:3695: gcc -v >&5
Using built-in specs.
COLLECT_GCC=x86_64-alt-linux-gcc
COLLECT_LTO_WRAPPER=/usr/libexec/gcc/x86_64-alt-linux/10/lto-wrapper
Target: x86_64-alt-linux
Configured with: ../configure --host=x86_64-alt-linux --build=x86_64-alt-linux --target=x86_64-alt-linux --prefix=/usr --exec-prefix=/usr --bindir=/usr/bin --sbindir=/usr/sbin --sysconfdir=/etc --datadir=/usr/share --includedir=/usr/include --libdir=/usr/lib64 --libexecdir=/usr/libexec --localstatedir=/var/lib --sharedstatedir=/var/lib --mandir=/usr/share/man --infodir=/usr/share/info --disable-dependency-tracking --disable-silent-rules --without-included-gettext --enable-shared --program-suffix=-10 --with-slibdir=/lib64 --with-bugurl=http://bugzilla.altlinux.org --enable-__cxa_atexit --enable-threads=posix --enable-checking=release --with-system-zlib --without-included-gettext --enable-multilib --enable-default-pie --enable-gnu-unique-object --enable-linker-build-id --with-linker-hash-style=gnu --with-arch_32=i586 --with-tune_32=generic --with-multilib-list=m64,m32,mx32 --with-gcc-major-version-only --enable-vtable-verify --enable-bootstrap --enable-languages=c,c++,fortran,objc,obj-c++,ada,go,d,lto --enable-plugin
Thread model: posix
Supported LTO compression algorithms: zlib
gcc version 10.3.1 20210703 (ALT Sisyphus 10.3.1-alt2) (GCC) 
configure:3706: $? = 0
configure:3695: gcc -V >&5
x86_64-alt-linux-gcc: error: unrecognized command-line option '-V'
x86_64-alt-linux-gcc: fatal error: no input files
compilation terminated.
configure:3706: $? = 1
configure:3695: gcc -qversion >&5
x86_64-alt-linux-gcc: error: unrecognized command-line option '-qversion'; did you mean '--version'?
x86_64-alt-linux-gcc: fatal error: no input files
compilation terminated.
configure:3706: $? = 1
configure:3726: checking whether the C compiler works
configure:3748: gcc    conftest.c  >&5
configure:3752: $? = 0
configure:3800: result: yes
configure:3803: checking for C compiler default output file name
configure:3805: result: a.out
configure:3811: checking for suffix of executables
configure:3818: gcc -o conftest    conftest.c  >&5
configure:3822: $? = 0
configure:3844: result: 
configure:3866: checking whether we are cross compiling
configure:3874: gcc -o conftest    conftest.c  >&5
configure:3878: $? = 0
configure:3885: ./conftest
configure:3889: $? = 0
configure:3904: result: no
configure:3909: checking for suffix of object files
configure:3931: gcc -c   conftest.c >&5
configure:3935: $? = 0
configure:3956: result: o
configure:3960: checking whether we are using the GNU C compiler
configure:3979: gcc -c   conftest.c >&5
configure:3979: $? = 0
configure:3988: result: yes
configure:3997: checking whether gcc accepts -g
configure:4017: gcc -c -g  conftest.c >&5
configure:4017: $? = 0
configure:4058: result: yes
configure:4075: checking for gcc option to accept ISO C89
configure:4138: gcc  -c -g -O2  conftest.c >&5
configure:4138: $? = 0
configure:4151: result: none needed
configure:4176: checking whether gcc understands -c and -o together
configure:4198: gcc -c conftest.c -o conftest2.o
configure:4201: $? = 0
configure:4198: gcc -c conftest.c -o conftest2.o
configure:4201: $? = 0
configure:4213: result: yes
configure:4232: checking dependency style of gcc
configure:4343: result: gcc3
configure:4362: checking for gcc option to accept ISO C99
configure:4511: gcc  -c -g -O2  conftest.c >&5
configure:4511: $? = 0
configure:4524: result: none needed
configure:4632: checking for gcc option to accept ISO Standard C
configure:4643: result: none needed
configure:4656: checking how to run the C preprocessor
configure:4687: gcc -E  conftest.c
configure:4687: $? = 0
configure:4701: gcc -E  conftest.c
conftest.c:11:10: fatal error: ac_nonexistent.h: No such file or directory
   11 | #include <ac_nonexistent.h>
      |          ^~~~~~~~~~~~~~~~~~
compilation terminated.
configure:4701: $? = 1
configure: failed program was:
| /* confdefs.h */
| #define PACKAGE_NAME "libmodbus"
| #define PACKAGE_TARNAME "libmodbus"
| #define PACKAGE_VERSION "3.1.2"
| #define PACKAGE_STRING "libmodbus 3.1.2"
| #define PACKAGE_BUGREPORT "https://github.com/stephane/libmodbus/issues"
| #define PACKAGE_URL "http://libmodbus.org/"
| #define PACKAGE "libmodbus"
| #define VERSION "3.1.2"
| /* end confdefs.h.  */
| #include <ac_nonexistent.h>
configure:4726: result: gcc -E
configure:4746: gcc -E  conftest.c
configure:4746: $? = 0
configure:4760: gcc -E  conftest.c
conftest.c:11:10: fatal error: ac_nonexistent.h: No such file or directory
   11 | #include <ac_nonexistent.h>
      |          ^~~~~~~~~~~~~~~~~~
compilation terminated.
configure:4760: $? = 1
configure: failed program was:
| /* confdefs.h */
| #define PACKAGE_NAME "libmodbus"
| #define PACKAGE_TARNAME "libmodbus"
| #define PACKAGE_VERSION "3.1.2"
| #define PACKAGE_STRING "libmodbus 3.1.2"
| #define PACKAGE_BUGREPORT "https://github.com/stephane/libmodbus/issues"
| #define PACKAGE_URL "http://libmodbus.org/"
| #define PACKAGE "libmodbus"
| #define VERSION "3.1.2"
| /* end confdefs.h.  */
| #include <ac_nonexistent.h>
configure:4789: checking for grep that handles long lines and -e
configure:4847: result: /bin/grep
configure:4852: checking for egrep
configure:4914: result: /bin/grep -E
configure:4919: checking for ANSI C header files
configure:4939: gcc -c -g -O2  conftest.c >&5
configure:4939: $? = 0
configure:5012: gcc -o conftest -g -O2   conftest.c  >&5
configure:5012: $? = 0
configure:5012: ./conftest
configure:5012: $? = 0
configure:5023: result: yes
configure:5036: checking for sys/types.h
configure:5036: gcc -c -g -O2  conftest.c >&5
configure:5036: $? = 0
configure:5036: result: yes
configure:5036: checking for sys/stat.h
configure:5036: gcc -c -g -O2  conftest.c >&5
configure:5036: $? = 0
configure:5036: result: yes
configure:5036: checking for stdlib.h
configure:5036: gcc -c -g -O2  conftest.c >&5
configure:5036: $? = 0
configure:5036: result: yes
configure:5036: checking for string.h
configure:5036: gcc -c -g -O2  conftest.c >&5
configure:5036: $? = 0
configure:5036: result: yes
configure:5036: checking for memory.h
configure:5036: gcc -c -g -O2  conftest.c >&5
configure:5036: $? = 0
configure:5036: result: yes
configure:5036: checking for strings.h
configure:5036: gcc -c -g -O2  conftest.c >&5
configure:5036: $? = 0
configure:5036: result: yes
configure:5036: checking for inttypes.h
configure:5036: gcc -c -g -O2  conftest.c >&5
configure:5036: $? = 0
configure:5036: result: yes
configure:5036: checking for stdint.h
configure:5036: gcc -c -g -O2  conftest.c >&5
configure:5036: $? = 0
configure:5036: result: yes
configure:5036: checking for unistd.h
configure:5036: gcc -c -g -O2  conftest.c >&5
configure:5036: $? = 0
configure:5036: result: yes
configure:5049: checking minix/config.h usability
configure:5049: gcc -c -g -O2  conftest.c >&5
conftest.c:54:10: fatal error: minix/config.h: No such file or directory
   54 | #include <minix/config.h>
      |          ^~~~~~~~~~~~~~~~
compilation terminated.
configure:5049: $? = 1
configure: failed program was:
| /* confdefs.h */
| #define PACKAGE_NAME "libmodbus"
| #define PACKAGE_TARNAME "libmodbus"
| #define PACKAGE_VERSION "3.1.2"
| #define PACKAGE_STRING "libmodbus 3.1.2"
| #define PACKAGE_BUGREPORT "https://github.com/stephane/libmodbus/issues"
| #define PACKAGE_URL "http://libmodbus.org/"
| #define PACKAGE "libmodbus"
| #define VERSION "3.1.2"
| #define STDC_HEADERS 1
| #define HAVE_SYS_TYPES_H 1
| #define HAVE_SYS_STAT_H 1
| #define HAVE_STDLIB_H 1
| #define HAVE_STRING_H 1
| #define HAVE_MEMORY_H 1
| #define HAVE_STRINGS_H 1
| #define HAVE_INTTYPES_H 1
| #define HAVE_STDINT_H 1
| #define HAVE_UNISTD_H 1
| /* end confdefs.h.  */
| #include <stdio.h>
| #ifdef HAVE_SYS_TYPES_H
| # include <sys/types.h>
| #endif
| #ifdef HAVE_SYS_STAT_H
| # include <sys/stat.h>
| #endif
| #ifdef STDC_HEADERS
| # include <stdlib.h>
| # include <stddef.h>
| #else
| # ifdef HAVE_STDLIB_H
| #  include <stdlib.h>
| # endif
| #endif
| #ifdef HAVE_STRING_H
| # if !defined STDC_HEADERS && defined HAVE_MEMORY_H
| #  include <memory.h>
| # endif
| # include <string.h>
| #endif
| #ifdef HAVE_STRINGS_H
| # include <strings.h>
| #endif
| #ifdef HAVE_INTTYPES_H
| # include <inttypes.h>
| #endif
| #ifdef HAVE_STDINT_H
| # include <stdint.h>
| #endif
| #ifdef HAVE_UNISTD_H
| # include <unistd.h>
| #endif
| #include <minix/config.h>
configure:5049: result: no
configure:5049: checking minix/config.h presence
configure:5049: gcc -E  conftest.c
conftest.c:21:10: fatal error: minix/config.h: No such file or directory
   21 | #include <minix/config.h>
      |          ^~~~~~~~~~~~~~~~
compilation terminated.
configure:5049: $? = 1
configure: failed program was:
| /* confdefs.h */
| #define PACKAGE_NAME "libmodbus"
| #define PACKAGE_TARNAME "libmodbus"
| #define PACKAGE_VERSION "3.1.2"
| #define PACKAGE_STRING "libmodbus 3.1.2"
| #define PACKAGE_BUGREPORT "https://github.com/stephane/libmodbus/issues"
| #define PACKAGE_URL "http://libmodbus.org/"
| #define PACKAGE "libmodbus"
| #define VERSION "3.1.2"
| #define STDC_HEADERS 1
| #define HAVE_SYS_TYPES_H 1
| #define HAVE_SYS_STAT_H 1
| #define HAVE_STDLIB_H 1
| #define HAVE_STRING_H 1
| #define HAVE_MEMORY_H 1
| #define HAVE_STRINGS_H 1
| #define HAVE_INTTYPES_H 1
| #define HAVE_STDINT_H 1
| #define HAVE_UNISTD_H 1
| /* end confdefs.h.  */
| #include <minix/config.h>
configure:5049: result: no
configure:5049: checking for minix/config.h
configure:5049: result: no
configure:5070: checking whether it is safe to define __EXTENSIONS__
configure:5088: gcc -c -g -O2  conftest.c >&5
configure:5088: $? = 0
configure:5095: result: yes
configure:5116: checking for special C compiler options needed for large files
configure:5161: result: no
configure:5167: checking for _FILE_OFFSET_BITS value needed for large files
configure:5192: gcc -c -g -O2  conftest.c >&5
configure:5192: $? = 0
configure:5224: result: no
configure:5321: checking whether make supports nested variables
configure:5338: result: yes
configure:5371: checking build system type
configure:5385: result: x86_64-pc-linux-gnu
configure:5405: checking host system type
configure:5418: result: x86_64-pc-linux-gnu
configure:5513: checking how to print strings
configure:5540: result: printf
configure:5561: checking for a sed that does not truncate output
configure:5625: result: /bin/sed
configure:5643: checking for fgrep
configure:5705: result: /bin/grep -F
configure:5740: checking for ld used by gcc
configure:5807: result: /usr/bin/ld
configure:5814: checking if the linker (/usr/bin/ld) is GNU ld
configure:5829: result: yes
configure:5841: checking for BSD- or MS-compatible name lister (nm)
configure:5895: result: /usr/bin/nm -B
configure:6025: checking the name lister (/usr/bin/nm -B) interface
configure:6032: gcc -c -g -O2  conftest.c >&5
configure:6035: /usr/bin/nm -B "conftest.o"
configure:6038: output
0000000000000000 B some_variable
configure:6045: result: BSD nm
configure:6048: checking whether ln -s works
configure:6052: result: yes
configure:6060: checking the maximum length of command line arguments
configure:6191: result: 1572864
configure:6239: checking how to convert x86_64-pc-linux-gnu file names to x86_64-pc-linux-gnu format
configure:6279: result: func_convert_file_noop
configure:6286: checking how to convert x86_64-pc-linux-gnu file names to toolchain format
configure:6306: result: func_convert_file_noop
configure:6313: checking for /usr/bin/ld option to reload object files
configure:6320: result: -r
configure:6394: checking for objdump
configure:6410: found /usr/bin/objdump
configure:6421: result: objdump
configure:6450: checking how to recognize dependent libraries
configure:6650: result: pass_all
configure:6735: checking for dlltool
configure:6765: result: no
configure:6792: checking how to associate runtime and link libraries
configure:6819: result: printf %s\n
configure:6879: checking for ar
configure:6895: found /usr/bin/ar
configure:6906: result: ar
configure:6959: checking for archiver @FILE support
configure:6976: gcc -c -g -O2  conftest.c >&5
configure:6976: $? = 0
configure:6979: ar cr libconftest.a @conftest.lst >&5
configure:6982: $? = 0
configure:6987: ar cr libconftest.a @conftest.lst >&5
ar: conftest.o: No such file or directory
configure:6990: $? = 1
configure:7002: result: @
configure:7060: checking for strip
configure:7076: found /usr/bin/strip
configure:7087: result: strip
configure:7159: checking for ranlib
configure:7175: found /usr/bin/ranlib
configure:7186: result: ranlib
configure:7288: checking command to parse /usr/bin/nm -B output from gcc object
configure:7441: gcc -c -g -O2  conftest.c >&5
configure:7444: $? = 0
configure:7448: /usr/bin/nm -B conftest.o \| sed -n -e 's/^.*[ ]\([ABCDGIRSTW][ABCDGIRSTW]*\)[ ][ ]*\([_A-Za-z][_A-Za-z0-9]*\)$/\1 \2 \2/p' | sed '/ __gnu_lto/d' \> conftest.nm
configure:7451: $? = 0
configure:7517: gcc -o conftest -g -O2   conftest.c conftstm.o >&5
configure:7520: $? = 0
configure:7558: result: ok
configure:7605: checking for sysroot
configure:7635: result: no
configure:7642: checking for a working dd
configure:7680: result: /bin/dd
configure:7684: checking how to truncate binary pipes
configure:7699: result: /bin/dd bs=4096 count=1
configure:7837: gcc -c -g -O2  conftest.c >&5
configure:7840: $? = 0
configure:8035: checking for mt
configure:8065: result: no
configure:8085: checking if : is a manifest tool
configure:8091: : '-?'
configure:8099: result: no
configure:8773: checking for dlfcn.h
configure:8773: gcc -c -g -O2  conftest.c >&5
configure:8773: $? = 0
configure:8773: result: yes
configure:9325: checking for objdir
configure:9340: result: .libs
configure:9604: checking if gcc supports -fno-rtti -fno-exceptions
configure:9622: gcc -c -g -O2  -fno-rtti -fno-exceptions conftest.c >&5
cc1: warning: command-line option '-fno-rtti' is valid for C++/D/ObjC++ but not for C
configure:9626: $? = 0
configure:9639: result: no
configure:9997: checking for gcc option to produce PIC
configure:10004: result: -fPIC -DPIC
configure:10012: checking if gcc PIC flag -fPIC -DPIC works
configure:10030: gcc -c -g -O2  -fPIC -DPIC -DPIC conftest.c >&5
configure:10034: $? = 0
configure:10047: result: yes
configure:10076: checking if gcc static flag -static works
configure:10104: result: no
configure:10119: checking if gcc supports -c -o file.o
configure:10140: gcc -c -g -O2  -o out/conftest2.o conftest.c >&5
configure:10144: $? = 0
configure:10166: result: yes
configure:10174: checking if gcc supports -c -o file.o
configure:10221: result: yes
configure:10254: checking whether the gcc linker (/usr/bin/ld -m elf_x86_64) supports shared libraries
configure:11519: result: yes
configure:11556: checking whether -lc should be explicitly linked in
configure:11564: gcc -c -g -O2  conftest.c >&5
configure:11567: $? = 0
configure:11582: gcc -shared  -fPIC -DPIC conftest.o  -v -Wl,-soname -Wl,conftest -o conftest 2\>\&1 \| /bin/grep  -lc  \>/dev/null 2\>\&1
configure:11585: $? = 0
configure:11599: result: no
configure:11759: checking dynamic linker characteristics
configure:12340: gcc -o conftest -g -O2   -Wl,-rpath -Wl,/foo conftest.c  >&5
configure:12340: $? = 0
configure:12577: result: GNU/Linux ld.so
configure:12699: checking how to hardcode library paths into programs
configure:12724: result: immediate
configure:13272: checking whether stripping libraries is possible
configure:13281: result: yes
configure:13323: checking if libtool supports shared libraries
configure:13325: result: yes
configure:13328: checking whether to build shared libraries
configure:13353: result: yes
configure:13356: checking whether to build static libraries
configure:13360: result: no
configure:13418: checking arpa/inet.h usability
configure:13418: gcc -c -g -O2  conftest.c >&5
configure:13418: $? = 0
configure:13418: result: yes
configure:13418: checking arpa/inet.h presence
configure:13418: gcc -E  conftest.c
configure:13418: $? = 0
configure:13418: result: yes
configure:13418: checking for arpa/inet.h
configure:13418: result: yes
configure:13418: checking byteswap.h usability
configure:13418: gcc -c -g -O2  conftest.c >&5
configure:13418: $? = 0
configure:13418: result: yes
configure:13418: checking byteswap.h presence
configure:13418: gcc -E  conftest.c
configure:13418: $? = 0
configure:13418: result: yes
configure:13418: checking for byteswap.h
configure:13418: result: yes
configure:13418: checking errno.h usability
configure:13418: gcc -c -g -O2  conftest.c >&5
configure:13418: $? = 0
configure:13418: result: yes
configure:13418: checking errno.h presence
configure:13418: gcc -E  conftest.c
configure:13418: $? = 0
configure:13418: result: yes
configure:13418: checking for errno.h
configure:13418: result: yes
configure:13418: checking fcntl.h usability
configure:13418: gcc -c -g -O2  conftest.c >&5
configure:13418: $? = 0
configure:13418: result: yes
configure:13418: checking fcntl.h presence
configure:13418: gcc -E  conftest.c
configure:13418: $? = 0
configure:13418: result: yes
configure:13418: checking for fcntl.h
configure:13418: result: yes
configure:13418: checking limits.h usability
configure:13418: gcc -c -g -O2  conftest.c >&5
configure:13418: $? = 0
configure:13418: result: yes
configure:13418: checking limits.h presence
configure:13418: gcc -E  conftest.c
configure:13418: $? = 0
configure:13418: result: yes
configure:13418: checking for limits.h
configure:13418: result: yes
configure:13418: checking linux/serial.h usability
configure:13418: gcc -c -g -O2  conftest.c >&5
configure:13418: $? = 0
configure:13418: result: yes
configure:13418: checking linux/serial.h presence
configure:13418: gcc -E  conftest.c
configure:13418: $? = 0
configure:13418: result: yes
configure:13418: checking for linux/serial.h
configure:13418: result: yes
configure:13418: checking netdb.h usability
configure:13418: gcc -c -g -O2  conftest.c >&5
configure:13418: $? = 0
configure:13418: result: yes
configure:13418: checking netdb.h presence
configure:13418: gcc -E  conftest.c
configure:13418: $? = 0
configure:13418: result: yes
configure:13418: checking for netdb.h
configure:13418: result: yes
configure:13418: checking netinet/in.h usability
configure:13418: gcc -c -g -O2  conftest.c >&5
configure:13418: $? = 0
configure:13418: result: yes
configure:13418: checking netinet/in.h presence
configure:13418: gcc -E  conftest.c
configure:13418: $? = 0
configure:13418: result: yes
configure:13418: checking for netinet/in.h
configure:13418: result: yes
configure:13418: checking netinet/tcp.h usability
configure:13418: gcc -c -g -O2  conftest.c >&5
configure:13418: $? = 0
configure:13418: result: yes
configure:13418: checking netinet/tcp.h presence
configure:13418: gcc -E  conftest.c
configure:13418: $? = 0
configure:13418: result: yes
configure:13418: checking for netinet/tcp.h
configure:13418: result: yes
configure:13418: checking sys/ioctl.h usability
configure:13418: gcc -c -g -O2  conftest.c >&5
configure:13418: $? = 0
configure:13418: result: yes
configure:13418: checking sys/ioctl.h presence
configure:13418: gcc -E  conftest.c
configure:13418: $? = 0
configure:13418: result: yes
configure:13418: checking for sys/ioctl.h
configure:13418: result: yes
configure:13418: checking sys/params.h usability
configure:13418: gcc -c -g -O2  conftest.c >&5
conftest.c:71:10: fatal error: sys/params.h: No such file or directory
   71 | #include <sys/params.h>
      |          ^~~~~~~~~~~~~~
compilation terminated.
configure:13418: $? = 1
configure: failed program was:
| /* confdefs.h */
| #define PACKAGE_NAME "libmodbus"
| #define PACKAGE_TARNAME "libmodbus"
| #define PACKAGE_VERSION "3.1.2"
| #define PACKAGE_STRING "libmodbus 3.1.2"
| #define PACKAGE_BUGREPORT "https://github.com/stephane/libmodbus/issues"
| #define PACKAGE_URL "http://libmodbus.org/"
| #define PACKAGE "libmodbus"
| #define VERSION "3.1.2"
| #define STDC_HEADERS 1
| #define HAVE_SYS_TYPES_H 1
| #define HAVE_SYS_STAT_H 1
| #define HAVE_STDLIB_H 1
| #define HAVE_STRING_H 1
| #define HAVE_MEMORY_H 1
| #define HAVE_STRINGS_H 1
| #define HAVE_INTTYPES_H 1
| #define HAVE_STDINT_H 1
| #define HAVE_UNISTD_H 1
| #define __EXTENSIONS__ 1
| #define _ALL_SOURCE 1
| #define _GNU_SOURCE 1
| #define _POSIX_PTHREAD_SEMANTICS 1
| #define _TANDEM_SOURCE 1
| #define HAVE_DLFCN_H 1
| #define LT_OBJDIR ".libs/"
| #define HAVE_ARPA_INET_H 1
| #define HAVE_BYTESWAP_H 1
| #define HAVE_ERRNO_H 1
| #define HAVE_FCNTL_H 1
| #define HAVE_LIMITS_H 1
| #define HAVE_LINUX_SERIAL_H 1
| #define HAVE_NETDB_H 1
| #define HAVE_NETINET_IN_H 1
| #define HAVE_NETINET_TCP_H 1
| #define HAVE_SYS_IOCTL_H 1
| /* end confdefs.h.  */
| #include <stdio.h>
| #ifdef HAVE_SYS_TYPES_H
| # include <sys/types.h>
| #endif
| #ifdef HAVE_SYS_STAT_H
| # include <sys/stat.h>
| #endif
| #ifdef STDC_HEADERS
| # include <stdlib.h>
| # include <stddef.h>
| #else
| # ifdef HAVE_STDLIB_H
| #  include <stdlib.h>
| # endif
| #endif
| #ifdef HAVE_STRING_H
| # if !defined STDC_HEADERS && defined HAVE_MEMORY_H
| #  include <memory.h>
| # endif
| # include <string.h>
| #endif
| #ifdef HAVE_STRINGS_H
| # include <strings.h>
| #endif
| #ifdef HAVE_INTTYPES_H
| # include <inttypes.h>
| #endif
| #ifdef HAVE_STDINT_H
| # include <stdint.h>
| #endif
| #ifdef HAVE_UNISTD_H
| # include <unistd.h>
| #endif
| #include <sys/params.h>
configure:13418: result: no
configure:13418: checking sys/params.h presence
configure:13418: gcc -E  conftest.c
conftest.c:38:10: fatal error: sys/params.h: No such file or directory
   38 | #include <sys/params.h>
      |          ^~~~~~~~~~~~~~
compilation terminated.
configure:13418: $? = 1
configure: failed program was:
| /* confdefs.h */
| #define PACKAGE_NAME "libmodbus"
| #define PACKAGE_TARNAME "libmodbus"
| #define PACKAGE_VERSION "3.1.2"
| #define PACKAGE_STRING "libmodbus 3.1.2"
| #define PACKAGE_BUGREPORT "https://github.com/stephane/libmodbus/issues"
| #define PACKAGE_URL "http://libmodbus.org/"
| #define PACKAGE "libmodbus"
| #define VERSION "3.1.2"
| #define STDC_HEADERS 1
| #define HAVE_SYS_TYPES_H 1
| #define HAVE_SYS_STAT_H 1
| #define HAVE_STDLIB_H 1
| #define HAVE_STRING_H 1
| #define HAVE_MEMORY_H 1
| #define HAVE_STRINGS_H 1
| #define HAVE_INTTYPES_H 1
| #define HAVE_STDINT_H 1
| #define HAVE_UNISTD_H 1
| #define __EXTENSIONS__ 1
| #define _ALL_SOURCE 1
| #define _GNU_SOURCE 1
| #define _POSIX_PTHREAD_SEMANTICS 1
| #define _TANDEM_SOURCE 1
| #define HAVE_DLFCN_H 1
| #define LT_OBJDIR ".libs/"
| #define HAVE_ARPA_INET_H 1
| #define HAVE_BYTESWAP_H 1
| #define HAVE_ERRNO_H 1
| #define HAVE_FCNTL_H 1
| #define HAVE_LIMITS_H 1
| #define HAVE_LINUX_SERIAL_H 1
| #define HAVE_NETDB_H 1
| #define HAVE_NETINET_IN_H 1
| #define HAVE_NETINET_TCP_H 1
| #define HAVE_SYS_IOCTL_H 1
| /* end confdefs.h.  */
| #include <sys/params.h>
configure:13418: result: no
configure:13418: checking for sys/params.h
configure:13418: result: no
configure:13418: checking sys/socket.h usability
configure:13418: gcc -c -g -O2  conftest.c >&5
configure:13418: $? = 0
configure:13418: result: yes
configure:13418: checking sys/socket.h presence
configure:13418: gcc -E  conftest.c
configure:13418: $? = 0
configure:13418: result: yes
configure:13418: checking for sys/socket.h
configure:13418: result: yes
configure:13418: checking sys/time.h usability
configure:13418: gcc -c -g -O2  conftest.c >&5
configure:13418: $? = 0
configure:13418: result: yes
configure:13418: checking sys/time.h presence
configure:13418: gcc -E  conftest.c
configure:13418: $? = 0
configure:13418: result: yes
configure:13418: checking for sys/time.h
configure:13418: result: yes
configure:13418: checking for sys/types.h
configure:13418: result: yes
configure:13418: checking termios.h usability
configure:13418: gcc -c -g -O2  conftest.c >&5
configure:13418: $? = 0
configure:13418: result: yes
configure:13418: checking termios.h presence
configure:13418: gcc -E  conftest.c
configure:13418: $? = 0
configure:13418: result: yes
configure:13418: checking for termios.h
configure:13418: result: yes
configure:13418: checking time.h usability
configure:13418: gcc -c -g -O2  conftest.c >&5
configure:13418: $? = 0
configure:13418: result: yes
configure:13418: checking time.h presence
configure:13418: gcc -E  conftest.c
configure:13418: $? = 0
configure:13418: result: yes
configure:13418: checking for time.h
configure:13418: result: yes
configure:13418: checking for unistd.h
configure:13418: result: yes
configure:13447: checking for asciidoc
configure:13475: result: no
configure:13485: checking for xmlto
configure:13513: result: no
configure:13526: checking whether to build documentation
configure:13528: result: no
configure:13531: WARNING: The tools to build the documentation aren't installed
configure:13546: checking whether __CYGWIN__ is declared
configure:13546: gcc -c -g -O2  conftest.c >&5
conftest.c: In function 'main':
conftest.c:84:10: error: '__CYGWIN__' undeclared (first use in this function)
   84 |   (void) __CYGWIN__;
      |          ^~~~~~~~~~
conftest.c:84:10: note: each undeclared identifier is reported only once for each function it appears in
configure:13546: $? = 1
configure: failed program was:
| /* confdefs.h */
| #define PACKAGE_NAME "libmodbus"
| #define PACKAGE_TARNAME "libmodbus"
| #define PACKAGE_VERSION "3.1.2"
| #define PACKAGE_STRING "libmodbus 3.1.2"
| #define PACKAGE_BUGREPORT "https://github.com/stephane/libmodbus/issues"
| #define PACKAGE_URL "http://libmodbus.org/"
| #define PACKAGE "libmodbus"
| #define VERSION "3.1.2"
| #define STDC_HEADERS 1
| #define HAVE_SYS_TYPES_H 1
| #define HAVE_SYS_STAT_H 1
| #define HAVE_STDLIB_H 1
| #define HAVE_STRING_H 1
| #define HAVE_MEMORY_H 1
| #define HAVE_STRINGS_H 1
| #define HAVE_INTTYPES_H 1
| #define HAVE_STDINT_H 1
| #define HAVE_UNISTD_H 1
| #define __EXTENSIONS__ 1
| #define _ALL_SOURCE 1
| #define _GNU_SOURCE 1
| #define _POSIX_PTHREAD_SEMANTICS 1
| #define _TANDEM_SOURCE 1
| #define HAVE_DLFCN_H 1
| #define LT_OBJDIR ".libs/"
| #define HAVE_ARPA_INET_H 1
| #define HAVE_BYTESWAP_H 1
| #define HAVE_ERRNO_H 1
| #define HAVE_FCNTL_H 1
| #define HAVE_LIMITS_H 1
| #define HAVE_LINUX_SERIAL_H 1
| #define HAVE_NETDB_H 1
| #define HAVE_NETINET_IN_H 1
| #define HAVE_NETINET_TCP_H 1
| #define HAVE_SYS_IOCTL_H 1
| #define HAVE_SYS_SOCKET_H 1
| #define HAVE_SYS_TIME_H 1
| #define HAVE_SYS_TYPES_H 1
| #define HAVE_TERMIOS_H 1
| #define HAVE_TIME_H 1
| #define HAVE_UNISTD_H 1
| /* end confdefs.h.  */
| #include <stdio.h>
| #ifdef HAVE_SYS_TYPES_H
| # include <sys/types.h>
| #endif
| #ifdef HAVE_SYS_STAT_H
| # include <sys/stat.h>
| #endif
| #ifdef STDC_HEADERS
| # include <stdlib.h>
| # include <stddef.h>
| #else
| # ifdef HAVE_STDLIB_H
| #  include <stdlib.h>
| # endif
| #endif
| #ifdef HAVE_STRING_H
| # if !defined STDC_HEADERS && defined HAVE_MEMORY_H
| #  include <memory.h>
| # endif
| # include <string.h>
| #endif
| #ifdef HAVE_STRINGS_H
| # include <strings.h>
| #endif
| #ifdef HAVE_INTTYPES_H
| # include <inttypes.h>
| #endif
| #ifdef HAVE_STDINT_H
| # include <stdint.h>
| #endif
| #ifdef HAVE_UNISTD_H
| # include <unistd.h>
| #endif
| int
| main ()
| {
| #ifndef __CYGWIN__
| #ifdef __cplusplus
|   (void) __CYGWIN__;
| #else
|   (void) __CYGWIN__;
| #endif
| #endif
| 
|   ;
|   return 0;
| }
configure:13546: result: no
configure:13559: checking for pid_t
configure:13559: gcc -c -g -O2  conftest.c >&5
configure:13559: $? = 0
configure:13559: gcc -c -g -O2  conftest.c >&5
conftest.c: In function 'main':
conftest.c:81:20: error: expected expression before ')' token
   81 | if (sizeof ((pid_t)))
      |                    ^
configure:13559: $? = 1
configure: failed program was:
| /* confdefs.h */
| #define PACKAGE_NAME "libmodbus"
| #define PACKAGE_TARNAME "libmodbus"
| #define PACKAGE_VERSION "3.1.2"
| #define PACKAGE_STRING "libmodbus 3.1.2"
| #define PACKAGE_BUGREPORT "https://github.com/stephane/libmodbus/issues"
| #define PACKAGE_URL "http://libmodbus.org/"
| #define PACKAGE "libmodbus"
| #define VERSION "3.1.2"
| #define STDC_HEADERS 1
| #define HAVE_SYS_TYPES_H 1
| #define HAVE_SYS_STAT_H 1
| #define HAVE_STDLIB_H 1
| #define HAVE_STRING_H 1
| #define HAVE_MEMORY_H 1
| #define HAVE_STRINGS_H 1
| #define HAVE_INTTYPES_H 1
| #define HAVE_STDINT_H 1
| #define HAVE_UNISTD_H 1
| #define __EXTENSIONS__ 1
| #define _ALL_SOURCE 1
| #define _GNU_SOURCE 1
| #define _POSIX_PTHREAD_SEMANTICS 1
| #define _TANDEM_SOURCE 1
| #define HAVE_DLFCN_H 1
| #define LT_OBJDIR ".libs/"
| #define HAVE_ARPA_INET_H 1
| #define HAVE_BYTESWAP_H 1
| #define HAVE_ERRNO_H 1
| #define HAVE_FCNTL_H 1
| #define HAVE_LIMITS_H 1
| #define HAVE_LINUX_SERIAL_H 1
| #define HAVE_NETDB_H 1
| #define HAVE_NETINET_IN_H 1
| #define HAVE_NETINET_TCP_H 1
| #define HAVE_SYS_IOCTL_H 1
| #define HAVE_SYS_SOCKET_H 1
| #define HAVE_SYS_TIME_H 1
| #define HAVE_SYS_TYPES_H 1
| #define HAVE_TERMIOS_H 1
| #define HAVE_TIME_H 1
| #define HAVE_UNISTD_H 1
| #define HAVE_DECL___CYGWIN__ 0
| /* end confdefs.h.  */
| #include <stdio.h>
| #ifdef HAVE_SYS_TYPES_H
| # include <sys/types.h>
| #endif
| #ifdef HAVE_SYS_STAT_H
| # include <sys/stat.h>
| #endif
| #ifdef STDC_HEADERS
| # include <stdlib.h>
| # include <stddef.h>
| #else
| # ifdef HAVE_STDLIB_H
| #  include <stdlib.h>
| # endif
| #endif
| #ifdef HAVE_STRING_H
| # if !defined STDC_HEADERS && defined HAVE_MEMORY_H
| #  include <memory.h>
| # endif
| # include <string.h>
| #endif
| #ifdef HAVE_STRINGS_H
| # include <strings.h>
| #endif
| #ifdef HAVE_INTTYPES_H
| # include <inttypes.h>
| #endif
| #ifdef HAVE_STDINT_H
| # include <stdint.h>
| #endif
| #ifdef HAVE_UNISTD_H
| # include <unistd.h>
| #endif
| int
| main ()
| {
| if (sizeof ((pid_t)))
| 	    return 0;
|   ;
|   return 0;
| }
configure:13559: result: yes
configure:13572: checking vfork.h usability
configure:13572: gcc -c -g -O2  conftest.c >&5
conftest.c:78:10: fatal error: vfork.h: No such file or directory
   78 | #include <vfork.h>
      |          ^~~~~~~~~
compilation terminated.
configure:13572: $? = 1
configure: failed program was:
| /* confdefs.h */
| #define PACKAGE_NAME "libmodbus"
| #define PACKAGE_TARNAME "libmodbus"
| #define PACKAGE_VERSION "3.1.2"
| #define PACKAGE_STRING "libmodbus 3.1.2"
| #define PACKAGE_BUGREPORT "https://github.com/stephane/libmodbus/issues"
| #define PACKAGE_URL "http://libmodbus.org/"
| #define PACKAGE "libmodbus"
| #define VERSION "3.1.2"
| #define STDC_HEADERS 1
| #define HAVE_SYS_TYPES_H 1
| #define HAVE_SYS_STAT_H 1
| #define HAVE_STDLIB_H 1
| #define HAVE_STRING_H 1
| #define HAVE_MEMORY_H 1
| #define HAVE_STRINGS_H 1
| #define HAVE_INTTYPES_H 1
| #define HAVE_STDINT_H 1
| #define HAVE_UNISTD_H 1
| #define __EXTENSIONS__ 1
| #define _ALL_SOURCE 1
| #define _GNU_SOURCE 1
| #define _POSIX_PTHREAD_SEMANTICS 1
| #define _TANDEM_SOURCE 1
| #define HAVE_DLFCN_H 1
| #define LT_OBJDIR ".libs/"
| #define HAVE_ARPA_INET_H 1
| #define HAVE_BYTESWAP_H 1
| #define HAVE_ERRNO_H 1
| #define HAVE_FCNTL_H 1
| #define HAVE_LIMITS_H 1
| #define HAVE_LINUX_SERIAL_H 1
| #define HAVE_NETDB_H 1
| #define HAVE_NETINET_IN_H 1
| #define HAVE_NETINET_TCP_H 1
| #define HAVE_SYS_IOCTL_H 1
| #define HAVE_SYS_SOCKET_H 1
| #define HAVE_SYS_TIME_H 1
| #define HAVE_SYS_TYPES_H 1
| #define HAVE_TERMIOS_H 1
| #define HAVE_TIME_H 1
| #define HAVE_UNISTD_H 1
| #define HAVE_DECL___CYGWIN__ 0
| /* end confdefs.h.  */
| #include <stdio.h>
| #ifdef HAVE_SYS_TYPES_H
| # include <sys/types.h>
| #endif
| #ifdef HAVE_SYS_STAT_H
| # include <sys/stat.h>
| #endif
| #ifdef STDC_HEADERS
| # include <stdlib.h>
| # include <stddef.h>
| #else
| # ifdef HAVE_STDLIB_H
| #  include <stdlib.h>
| # endif
| #endif
| #ifdef HAVE_STRING_H
| # if !defined STDC_HEADERS && defined HAVE_MEMORY_H
| #  include <memory.h>
| # endif
| # include <string.h>
| #endif
| #ifdef HAVE_STRINGS_H
| # include <strings.h>
| #endif
| #ifdef HAVE_INTTYPES_H
| # include <inttypes.h>
| #endif
| #ifdef HAVE_STDINT_H
| # include <stdint.h>
| #endif
| #ifdef HAVE_UNISTD_H
| # include <unistd.h>
| #endif
| #include <vfork.h>
configure:13572: result: no
configure:13572: checking vfork.h presence
configure:13572: gcc -E  conftest.c
conftest.c:45:10: fatal error: vfork.h: No such file or directory
   45 | #include <vfork.h>
      |          ^~~~~~~~~
compilation terminated.
configure:13572: $? = 1
configure: failed program was:
| /* confdefs.h */
| #define PACKAGE_NAME "libmodbus"
| #define PACKAGE_TARNAME "libmodbus"
| #define PACKAGE_VERSION "3.1.2"
| #define PACKAGE_STRING "libmodbus 3.1.2"
| #define PACKAGE_BUGREPORT "https://github.com/stephane/libmodbus/issues"
| #define PACKAGE_URL "http://libmodbus.org/"
| #define PACKAGE "libmodbus"
| #define VERSION "3.1.2"
| #define STDC_HEADERS 1
| #define HAVE_SYS_TYPES_H 1
| #define HAVE_SYS_STAT_H 1
| #define HAVE_STDLIB_H 1
| #define HAVE_STRING_H 1
| #define HAVE_MEMORY_H 1
| #define HAVE_STRINGS_H 1
| #define HAVE_INTTYPES_H 1
| #define HAVE_STDINT_H 1
| #define HAVE_UNISTD_H 1
| #define __EXTENSIONS__ 1
| #define _ALL_SOURCE 1
| #define _GNU_SOURCE 1
| #define _POSIX_PTHREAD_SEMANTICS 1
| #define _TANDEM_SOURCE 1
| #define HAVE_DLFCN_H 1
| #define LT_OBJDIR ".libs/"
| #define HAVE_ARPA_INET_H 1
| #define HAVE_BYTESWAP_H 1
| #define HAVE_ERRNO_H 1
| #define HAVE_FCNTL_H 1
| #define HAVE_LIMITS_H 1
| #define HAVE_LINUX_SERIAL_H 1
| #define HAVE_NETDB_H 1
| #define HAVE_NETINET_IN_H 1
| #define HAVE_NETINET_TCP_H 1
| #define HAVE_SYS_IOCTL_H 1
| #define HAVE_SYS_SOCKET_H 1
| #define HAVE_SYS_TIME_H 1
| #define HAVE_SYS_TYPES_H 1
| #define HAVE_TERMIOS_H 1
| #define HAVE_TIME_H 1
| #define HAVE_UNISTD_H 1
| #define HAVE_DECL___CYGWIN__ 0
| /* end confdefs.h.  */
| #include <vfork.h>
configure:13572: result: no
configure:13572: checking for vfork.h
configure:13572: result: no
configure:13585: checking for fork
configure:13585: gcc -o conftest -g -O2   conftest.c  >&5
conftest.c:71:6: warning: conflicting types for built-in function 'fork'; expected 'int(void)' [-Wbuiltin-declaration-mismatch]
   71 | char fork ();
      |      ^~~~
configure:13585: $? = 0
configure:13585: result: yes
configure:13585: checking for vfork
configure:13585: gcc -o conftest -g -O2   conftest.c  >&5
configure:13585: $? = 0
configure:13585: result: yes
configure:13595: checking for working fork
configure:13617: gcc -o conftest -g -O2   conftest.c  >&5
configure:13617: $? = 0
configure:13617: ./conftest
configure:13617: $? = 0
configure:13627: result: yes
configure:13648: checking for working vfork
configure:13758: result: yes
configure:13785: checking for stdlib.h
configure:13785: result: yes
configure:13795: checking for GNU libc compatible malloc
configure:13819: gcc -o conftest -g -O2   conftest.c  >&5
configure:13819: $? = 0
configure:13819: ./conftest
configure:13819: $? = 0
configure:13829: result: yes
configure:13853: checking for accept4
configure:13853: gcc -o conftest -g -O2   conftest.c  >&5
configure:13853: $? = 0
configure:13853: result: yes
configure:13853: checking for getaddrinfo
configure:13853: gcc -o conftest -g -O2   conftest.c  >&5
configure:13853: $? = 0
configure:13853: result: yes
configure:13853: checking for gettimeofday
configure:13853: gcc -o conftest -g -O2   conftest.c  >&5
configure:13853: $? = 0
configure:13853: result: yes
configure:13853: checking for inet_ntoa
configure:13853: gcc -o conftest -g -O2   conftest.c  >&5
configure:13853: $? = 0
configure:13853: result: yes
configure:13853: checking for memset
configure:13853: gcc -o conftest -g -O2   conftest.c  >&5
conftest.c:81:6: warning: conflicting types for built-in function 'memset'; expected 'void *(void *, int,  long unsigned int)' [-Wbuiltin-declaration-mismatch]
   81 | char memset ();
      |      ^~~~~~
conftest.c:69:1: note: 'memset' is declared in header '<string.h>'
   68 | # include <limits.h>
   69 | #else
configure:13853: $? = 0
configure:13853: result: yes
configure:13853: checking for select
configure:13853: gcc -o conftest -g -O2   conftest.c  >&5
configure:13853: $? = 0
configure:13853: result: yes
configure:13853: checking for socket
configure:13853: gcc -o conftest -g -O2   conftest.c  >&5
configure:13853: $? = 0
configure:13853: result: yes
configure:13853: checking for strerror
configure:13853: gcc -o conftest -g -O2   conftest.c  >&5
configure:13853: $? = 0
configure:13853: result: yes
configure:13853: checking for strlcpy
configure:13853: gcc -o conftest -g -O2   conftest.c  >&5
configure:13853: $? = 0
configure:13853: result: yes
configure:13869: checking for inline
configure:13885: gcc -c -g -O2  conftest.c >&5
configure:13885: $? = 0
configure:13893: result: inline
configure:13971: checking for g++
configure:13987: found /usr/bin/g++
configure:13998: result: g++
configure:14025: checking for C++ compiler version
configure:14034: g++ --version >&5
x86_64-alt-linux-g++ (GCC) 10.3.1 20210703 (ALT Sisyphus 10.3.1-alt2)
Copyright (C) 2020 Free Software Foundation, Inc.
This is free software; see the source for copying conditions.  There is NO
warranty; not even for MERCHANTABILITY or FITNESS FOR A PARTICULAR PURPOSE.

configure:14045: $? = 0
configure:14034: g++ -v >&5
Using built-in specs.
COLLECT_GCC=x86_64-alt-linux-g++
COLLECT_LTO_WRAPPER=/usr/libexec/gcc/x86_64-alt-linux/10/lto-wrapper
Target: x86_64-alt-linux
Configured with: ../configure --host=x86_64-alt-linux --build=x86_64-alt-linux --target=x86_64-alt-linux --prefix=/usr --exec-prefix=/usr --bindir=/usr/bin --sbindir=/usr/sbin --sysconfdir=/etc --datadir=/usr/share --includedir=/usr/include --libdir=/usr/lib64 --libexecdir=/usr/libexec --localstatedir=/var/lib --sharedstatedir=/var/lib --mandir=/usr/share/man --infodir=/usr/share/info --disable-dependency-tracking --disable-silent-rules --without-included-gettext --enable-shared --program-suffix=-10 --with-slibdir=/lib64 --with-bugurl=http://bugzilla.altlinux.org --enable-__cxa_atexit --enable-threads=posix --enable-checking=release --with-system-zlib --without-included-gettext --enable-multilib --enable-default-pie --enable-gnu-unique-object --enable-linker-build-id --with-linker-hash-style=gnu --with-arch_32=i586 --with-tune_32=generic --with-multilib-list=m64,m32,mx32 --with-gcc-major-version-only --enable-vtable-verify --enable-bootstrap --enable-languages=c,c++,fortran,objc,obj-c++,ada,go,d,lto --enable-plugin
Thread model: posix
Supported LTO compression algorithms: zlib
gcc version 10.3.1 20210703 (ALT Sisyphus 10.3.1-alt2) (GCC) 
configure:14045: $? = 0
configure:14034: g++ -V >&5
x86_64-alt-linux-g++: error: unrecognized command-line option '-V'
x86_64-alt-linux-g++: fatal error: no input files
compilation terminated.
configure:14045: $? = 1
configure:14034: g++ -qversion >&5
x86_64-alt-linux-g++: error: unrecognized command-line option '-qversion'; did you mean '--version'?
x86_64-alt-linux-g++: fatal error: no input files
compilation terminated.
configure:14045: $? = 1
configure:14049: checking whether we are using the GNU C++ compiler
configure:14068: g++ -c   conftest.cpp >&5
configure:14068: $? = 0
configure:14077: result: yes
configure:14086: checking whether g++ accepts -g
configure:14106: g++ -c -g  conftest.cpp >&5
configure:14106: $? = 0
configure:14147: result: yes
configure:14172: checking dependency style of g++
configure:14283: result: gcc3
configure:14319: checking how to run the C++ preprocessor
configure:14347: g++ -E  conftest.cpp
configure:14347: $? = 0
configure:14361: g++ -E  conftest.cpp
conftest.cpp:61:10: fatal error: ac_nonexistent.h: No such file or directory
   61 | #include <ac_nonexistent.h>
      |          ^~~~~~~~~~~~~~~~~~
compilation terminated.
configure:14361: $? = 1
configure: failed program was:
| /* confdefs.h */
| #define PACKAGE_NAME "libmodbus"
| #define PACKAGE_TARNAME "libmodbus"
| #define PACKAGE_VERSION "3.1.2"
| #define PACKAGE_STRING "libmodbus 3.1.2"
| #define PACKAGE_BUGREPORT "https://github.com/stephane/libmodbus/issues"
| #define PACKAGE_URL "http://libmodbus.org/"
| #define PACKAGE "libmodbus"
| #define VERSION "3.1.2"
| #define STDC_HEADERS 1
| #define HAVE_SYS_TYPES_H 1
| #define HAVE_SYS_STAT_H 1
| #define HAVE_STDLIB_H 1
| #define HAVE_STRING_H 1
| #define HAVE_MEMORY_H 1
| #define HAVE_STRINGS_H 1
| #define HAVE_INTTYPES_H 1
| #define HAVE_STDINT_H 1
| #define HAVE_UNISTD_H 1
| #define __EXTENSIONS__ 1
| #define _ALL_SOURCE 1
| #define _GNU_SOURCE 1
| #define _POSIX_PTHREAD_SEMANTICS 1
| #define _TANDEM_SOURCE 1
| #define HAVE_DLFCN_H 1
| #define LT_OBJDIR ".libs/"
| #define HAVE_ARPA_INET_H 1
| #define HAVE_BYTESWAP_H 1
| #define HAVE_ERRNO_H 1
| #define HAVE_FCNTL_H 1
| #define HAVE_LIMITS_H 1
| #define HAVE_LINUX_SERIAL_H 1
| #define HAVE_NETDB_H 1
| #define HAVE_NETINET_IN_H 1
| #define HAVE_NETINET_TCP_H 1
| #define HAVE_SYS_IOCTL_H 1
| #define HAVE_SYS_SOCKET_H 1
| #define HAVE_SYS_TIME_H 1
| #define HAVE_SYS_TYPES_H 1
| #define HAVE_TERMIOS_H 1
| #define HAVE_TIME_H 1
| #define HAVE_UNISTD_H 1
| #define HAVE_DECL___CYGWIN__ 0
| #define HAVE_FORK 1
| #define HAVE_VFORK 1
| #define HAVE_WORKING_VFORK 1
| #define HAVE_WORKING_FORK 1
| #define HAVE_STDLIB_H 1
| #define HAVE_MALLOC 1
| #define HAVE_ACCEPT4 1
| #define HAVE_GETADDRINFO 1
| #define HAVE_GETTIMEOFDAY 1
| #define HAVE_INET_NTOA 1
| #define HAVE_MEMSET 1
| #define HAVE_SELECT 1
| #define HAVE_SOCKET 1
| #define HAVE_STRERROR 1
| #define HAVE_STRLCPY 1
| #define WINVER 0x0501
| /* end confdefs.h.  */
| #include <ac_nonexistent.h>
configure:14392: result: g++ -E
configure:14412: g++ -E  conftest.cpp
configure:14412: $? = 0
configure:14426: g++ -E  conftest.cpp
conftest.cpp:61:10: fatal error: ac_nonexistent.h: No such file or directory
   61 | #include <ac_nonexistent.h>
      |          ^~~~~~~~~~~~~~~~~~
compilation terminated.
configure:14426: $? = 1
configure: failed program was:
| /* confdefs.h */
| #define PACKAGE_NAME "libmodbus"
| #define PACKAGE_TARNAME "libmodbus"
| #define PACKAGE_VERSION "3.1.2"
| #define PACKAGE_STRING "libmodbus 3.1.2"
| #define PACKAGE_BUGREPORT "https://github.com/stephane/libmodbus/issues"
| #define PACKAGE_URL "http://libmodbus.org/"
| #define PACKAGE "libmodbus"
| #define VERSION "3.1.2"
| #define STDC_HEADERS 1
| #define HAVE_SYS_TYPES_H 1
| #define HAVE_SYS_STAT_H 1
| #define HAVE_STDLIB_H 1
| #define HAVE_STRING_H 1
| #define HAVE_MEMORY_H 1
| #define HAVE_STRINGS_H 1
| #define HAVE_INTTYPES_H 1
| #define HAVE_STDINT_H 1
| #define HAVE_UNISTD_H 1
| #define __EXTENSIONS__ 1
| #define _ALL_SOURCE 1
| #define _GNU_SOURCE 1
| #define _POSIX_PTHREAD_SEMANTICS 1
| #define _TANDEM_SOURCE 1
| #define HAVE_DLFCN_H 1
| #define LT_OBJDIR ".libs/"
| #define HAVE_ARPA_INET_H 1
| #define HAVE_BYTESWAP_H 1
| #define HAVE_ERRNO_H 1
| #define HAVE_FCNTL_H 1
| #define HAVE_LIMITS_H 1
| #define HAVE_LINUX_SERIAL_H 1
| #define HAVE_NETDB_H 1
| #define HAVE_NETINET_IN_H 1
| #define HAVE_NETINET_TCP_H 1
| #define HAVE_SYS_IOCTL_H 1
| #define HAVE_SYS_SOCKET_H 1
| #define HAVE_SYS_TIME_H 1
| #define HAVE_SYS_TYPES_H 1
| #define HAVE_TERMIOS_H 1
| #define HAVE_TIME_H 1
| #define HAVE_UNISTD_H 1
| #define HAVE_DECL___CYGWIN__ 0
| #define HAVE_FORK 1
| #define HAVE_VFORK 1
| #define HAVE_WORKING_VFORK 1
| #define HAVE_WORKING_FORK 1
| #define HAVE_STDLIB_H 1
| #define HAVE_MALLOC 1
| #define HAVE_ACCEPT4 1
| #define HAVE_GETADDRINFO 1
| #define HAVE_GETTIMEOFDAY 1
| #define HAVE_INET_NTOA 1
| #define HAVE_MEMSET 1
| #define HAVE_SELECT 1
| #define HAVE_SOCKET 1
| #define HAVE_STRERROR 1
| #define HAVE_STRLCPY 1
| #define WINVER 0x0501
| /* end confdefs.h.  */
| #include <ac_nonexistent.h>
configure:14740: checking for ld used by g++
configure:14807: result: /usr/bin/ld -m elf_x86_64
configure:14814: checking if the linker (/usr/bin/ld -m elf_x86_64) is GNU ld
configure:14829: result: yes
configure:14884: checking whether the g++ linker (/usr/bin/ld -m elf_x86_64) supports shared libraries
configure:15966: result: yes
configure:16002: g++ -c -g -O2  conftest.cpp >&5
configure:16005: $? = 0
configure:16486: checking for g++ option to produce PIC
configure:16493: result: -fPIC -DPIC
configure:16501: checking if g++ PIC flag -fPIC -DPIC works
configure:16519: g++ -c -g -O2  -fPIC -DPIC -DPIC conftest.cpp >&5
configure:16523: $? = 0
configure:16536: result: yes
configure:16559: checking if g++ static flag -static works
configure:16587: result: no
configure:16599: checking if g++ supports -c -o file.o
configure:16620: g++ -c -g -O2  -o out/conftest2.o conftest.cpp >&5
configure:16624: $? = 0
configure:16646: result: yes
configure:16651: checking if g++ supports -c -o file.o
configure:16698: result: yes
configure:16728: checking whether the g++ linker (/usr/bin/ld -m elf_x86_64) supports shared libraries
configure:16771: result: yes
configure:16912: checking dynamic linker characteristics
configure:17657: result: GNU/Linux ld.so
configure:17722: checking how to hardcode library paths into programs
configure:17747: result: immediate
configure:17830: checking for ranlib
configure:17857: result: ranlib
configure:17881: checking for int64_t
configure:17881: gcc -c -g -O2  conftest.c >&5
configure:17881: $? = 0
configure:17881: gcc -c -g -O2  conftest.c >&5
conftest.c: In function 'main':
conftest.c:99:53: warning: integer overflow in expression of type 'long int' results in '-9223372036854775808' [-Woverflow]
   99 |    < (int64_t) (((((int64_t) 1 << N) << N) - 1) * 2 + 2))];
      |                                                     ^
conftest.c:98:12: error: storage size of 'test_array' isn't constant
   98 | static int test_array [1 - 2 * !((int64_t) (((((int64_t) 1 << N) << N) - 1) * 2 + 1)
      |            ^~~~~~~~~~
configure:17881: $? = 1
configure: failed program was:
| /* confdefs.h */
| #define PACKAGE_NAME "libmodbus"
| #define PACKAGE_TARNAME "libmodbus"
| #define PACKAGE_VERSION "3.1.2"
| #define PACKAGE_STRING "libmodbus 3.1.2"
| #define PACKAGE_BUGREPORT "https://github.com/stephane/libmodbus/issues"
| #define PACKAGE_URL "http://libmodbus.org/"
| #define PACKAGE "libmodbus"
| #define VERSION "3.1.2"
| #define STDC_HEADERS 1
| #define HAVE_SYS_TYPES_H 1
| #define HAVE_SYS_STAT_H 1
| #define HAVE_STDLIB_H 1
| #define HAVE_STRING_H 1
| #define HAVE_MEMORY_H 1
| #define HAVE_STRINGS_H 1
| #define HAVE_INTTYPES_H 1
| #define HAVE_STDINT_H 1
| #define HAVE_UNISTD_H 1
| #define __EXTENSIONS__ 1
| #define _ALL_SOURCE 1
| #define _GNU_SOURCE 1
| #define _POSIX_PTHREAD_SEMANTICS 1
| #define _TANDEM_SOURCE 1
| #define HAVE_DLFCN_H 1
| #define LT_OBJDIR ".libs/"
| #define HAVE_ARPA_INET_H 1
| #define HAVE_BYTESWAP_H 1
| #define HAVE_ERRNO_H 1
| #define HAVE_FCNTL_H 1
| #define HAVE_LIMITS_H 1
| #define HAVE_LINUX_SERIAL_H 1
| #define HAVE_NETDB_H 1
| #define HAVE_NETINET_IN_H 1
| #define HAVE_NETINET_TCP_H 1
| #define HAVE_SYS_IOCTL_H 1
| #define HAVE_SYS_SOCKET_H 1
| #define HAVE_SYS_TIME_H 1
| #define HAVE_SYS_TYPES_H 1
| #define HAVE_TERMIOS_H 1
| #define HAVE_TIME_H 1
| #define HAVE_UNISTD_H 1
| #define HAVE_DECL___CYGWIN__ 0
| #define HAVE_FORK 1
| #define HAVE_VFORK 1
| #define HAVE_WORKING_VFORK 1
| #define HAVE_WORKING_FORK 1
| #define HAVE_STDLIB_H 1
| #define HAVE_MALLOC 1
| #define HAVE_ACCEPT4 1
| #define HAVE_GETADDRINFO 1
| #define HAVE_GETTIMEOFDAY 1
| #define HAVE_INET_NTOA 1
| #define HAVE_MEMSET 1
| #define HAVE_SELECT 1
| #define HAVE_SOCKET 1
| #define HAVE_STRERROR 1
| #define HAVE_STRLCPY 1
| #define WINVER 0x0501
| /* end confdefs.h.  */
| #include <stdio.h>
| #ifdef HAVE_SYS_TYPES_H
| # include <sys/types.h>
| #endif
| #ifdef HAVE_SYS_STAT_H
| # include <sys/stat.h>
| #endif
| #ifdef STDC_HEADERS
| # include <stdlib.h>
| # include <stddef.h>
| #else
| # ifdef HAVE_STDLIB_H
| #  include <stdlib.h>
| # endif
| #endif
| #ifdef HAVE_STRING_H
| # if !defined STDC_HEADERS && defined HAVE_MEMORY_H
| #  include <memory.h>
| # endif
| # include <string.h>
| #endif
| #ifdef HAVE_STRINGS_H
| # include <strings.h>
| #endif
| #ifdef HAVE_INTTYPES_H
| # include <inttypes.h>
| #endif
| #ifdef HAVE_STDINT_H
| # include <stdint.h>
| #endif
| #ifdef HAVE_UNISTD_H
| # include <unistd.h>
| #endif
| 	        enum { N = 64 / 2 - 1 };
| int
| main ()
| {
| static int test_array [1 - 2 * !((int64_t) (((((int64_t) 1 << N) << N) - 1) * 2 + 1)
| 		 < (int64_t) (((((int64_t) 1 << N) << N) - 1) * 2 + 2))];
| test_array [0] = 0;
| return test_array [0];
| 
|   ;
|   return 0;
| }
configure:17881: result: yes
configure:17892: checking for size_t
configure:17892: gcc -c -g -O2  conftest.c >&5
configure:17892: $? = 0
configure:17892: gcc -c -g -O2  conftest.c >&5
conftest.c: In function 'main':
conftest.c:97:21: error: expected expression before ')' token
   97 | if (sizeof ((size_t)))
      |                     ^
configure:17892: $? = 1
configure: failed program was:
| /* confdefs.h */
| #define PACKAGE_NAME "libmodbus"
| #define PACKAGE_TARNAME "libmodbus"
| #define PACKAGE_VERSION "3.1.2"
| #define PACKAGE_STRING "libmodbus 3.1.2"
| #define PACKAGE_BUGREPORT "https://github.com/stephane/libmodbus/issues"
| #define PACKAGE_URL "http://libmodbus.org/"
| #define PACKAGE "libmodbus"
| #define VERSION "3.1.2"
| #define STDC_HEADERS 1
| #define HAVE_SYS_TYPES_H 1
| #define HAVE_SYS_STAT_H 1
| #define HAVE_STDLIB_H 1
| #define HAVE_STRING_H 1
| #define HAVE_MEMORY_H 1
| #define HAVE_STRINGS_H 1
| #define HAVE_INTTYPES_H 1
| #define HAVE_STDINT_H 1
| #define HAVE_UNISTD_H 1
| #define __EXTENSIONS__ 1
| #define _ALL_SOURCE 1
| #define _GNU_SOURCE 1
| #define _POSIX_PTHREAD_SEMANTICS 1
| #define _TANDEM_SOURCE 1
| #define HAVE_DLFCN_H 1
| #define LT_OBJDIR ".libs/"
| #define HAVE_ARPA_INET_H 1
| #define HAVE_BYTESWAP_H 1
| #define HAVE_ERRNO_H 1
| #define HAVE_FCNTL_H 1
| #define HAVE_LIMITS_H 1
| #define HAVE_LINUX_SERIAL_H 1
| #define HAVE_NETDB_H 1
| #define HAVE_NETINET_IN_H 1
| #define HAVE_NETINET_TCP_H 1
| #define HAVE_SYS_IOCTL_H 1
| #define HAVE_SYS_SOCKET_H 1
| #define HAVE_SYS_TIME_H 1
| #define HAVE_SYS_TYPES_H 1
| #define HAVE_TERMIOS_H 1
| #define HAVE_TIME_H 1
| #define HAVE_UNISTD_H 1
| #define HAVE_DECL___CYGWIN__ 0
| #define HAVE_FORK 1
| #define HAVE_VFORK 1
| #define HAVE_WORKING_VFORK 1
| #define HAVE_WORKING_FORK 1
| #define HAVE_STDLIB_H 1
| #define HAVE_MALLOC 1
| #define HAVE_ACCEPT4 1
| #define HAVE_GETADDRINFO 1
| #define HAVE_GETTIMEOFDAY 1
| #define HAVE_INET_NTOA 1
| #define HAVE_MEMSET 1
| #define HAVE_SELECT 1
| #define HAVE_SOCKET 1
| #define HAVE_STRERROR 1
| #define HAVE_STRLCPY 1
| #define WINVER 0x0501
| /* end confdefs.h.  */
| #include <stdio.h>
| #ifdef HAVE_SYS_TYPES_H
| # include <sys/types.h>
| #endif
| #ifdef HAVE_SYS_STAT_H
| # include <sys/stat.h>
| #endif
| #ifdef STDC_HEADERS
| # include <stdlib.h>
| # include <stddef.h>
| #else
| # ifdef HAVE_STDLIB_H
| #  include <stdlib.h>
| # endif
| #endif
| #ifdef HAVE_STRING_H
| # if !defined STDC_HEADERS && defined HAVE_MEMORY_H
| #  include <memory.h>
| # endif
| # include <string.h>
| #endif
| #ifdef HAVE_STRINGS_H
| # include <strings.h>
| #endif
| #ifdef HAVE_INTTYPES_H
| # include <inttypes.h>
| #endif
| #ifdef HAVE_STDINT_H
| # include <stdint.h>
| #endif
| #ifdef HAVE_UNISTD_H
| # include <unistd.h>
| #endif
| int
| main ()
| {
| if (sizeof ((size_t)))
| 	    return 0;
|   ;
|   return 0;
| }
configure:17892: result: yes
configure:17903: checking for ssize_t
configure:17903: gcc -c -g -O2  conftest.c >&5
configure:17903: $? = 0
configure:17903: gcc -c -g -O2  conftest.c >&5
conftest.c: In function 'main':
conftest.c:97:22: error: expected expression before ')' token
   97 | if (sizeof ((ssize_t)))
      |                      ^
configure:17903: $? = 1
configure: failed program was:
| /* confdefs.h */
| #define PACKAGE_NAME "libmodbus"
| #define PACKAGE_TARNAME "libmodbus"
| #define PACKAGE_VERSION "3.1.2"
| #define PACKAGE_STRING "libmodbus 3.1.2"
| #define PACKAGE_BUGREPORT "https://github.com/stephane/libmodbus/issues"
| #define PACKAGE_URL "http://libmodbus.org/"
| #define PACKAGE "libmodbus"
| #define VERSION "3.1.2"
| #define STDC_HEADERS 1
| #define HAVE_SYS_TYPES_H 1
| #define HAVE_SYS_STAT_H 1
| #define HAVE_STDLIB_H 1
| #define HAVE_STRING_H 1
| #define HAVE_MEMORY_H 1
| #define HAVE_STRINGS_H 1
| #define HAVE_INTTYPES_H 1
| #define HAVE_STDINT_H 1
| #define HAVE_UNISTD_H 1
| #define __EXTENSIONS__ 1
| #define _ALL_SOURCE 1
| #define _GNU_SOURCE 1
| #define _POSIX_PTHREAD_SEMANTICS 1
| #define _TANDEM_SOURCE 1
| #define HAVE_DLFCN_H 1
| #define LT_OBJDIR ".libs/"
| #define HAVE_ARPA_INET_H 1
| #define HAVE_BYTESWAP_H 1
| #define HAVE_ERRNO_H 1
| #define HAVE_FCNTL_H 1
| #define HAVE_LIMITS_H 1
| #define HAVE_LINUX_SERIAL_H 1
| #define HAVE_NETDB_H 1
| #define HAVE_NETINET_IN_H 1
| #define HAVE_NETINET_TCP_H 1
| #define HAVE_SYS_IOCTL_H 1
| #define HAVE_SYS_SOCKET_H 1
| #define HAVE_SYS_TIME_H 1
| #define HAVE_SYS_TYPES_H 1
| #define HAVE_TERMIOS_H 1
| #define HAVE_TIME_H 1
| #define HAVE_UNISTD_H 1
| #define HAVE_DECL___CYGWIN__ 0
| #define HAVE_FORK 1
| #define HAVE_VFORK 1
| #define HAVE_WORKING_VFORK 1
| #define HAVE_WORKING_FORK 1
| #define HAVE_STDLIB_H 1
| #define HAVE_MALLOC 1
| #define HAVE_ACCEPT4 1
| #define HAVE_GETADDRINFO 1
| #define HAVE_GETTIMEOFDAY 1
| #define HAVE_INET_NTOA 1
| #define HAVE_MEMSET 1
| #define HAVE_SELECT 1
| #define HAVE_SOCKET 1
| #define HAVE_STRERROR 1
| #define HAVE_STRLCPY 1
| #define WINVER 0x0501
| /* end confdefs.h.  */
| #include <stdio.h>
| #ifdef HAVE_SYS_TYPES_H
| # include <sys/types.h>
| #endif
| #ifdef HAVE_SYS_STAT_H
| # include <sys/stat.h>
| #endif
| #ifdef STDC_HEADERS
| # include <stdlib.h>
| # include <stddef.h>
| #else
| # ifdef HAVE_STDLIB_H
| #  include <stdlib.h>
| # endif
| #endif
| #ifdef HAVE_STRING_H
| # if !defined STDC_HEADERS && defined HAVE_MEMORY_H
| #  include <memory.h>
| # endif
| # include <string.h>
| #endif
| #ifdef HAVE_STRINGS_H
| # include <strings.h>
| #endif
| #ifdef HAVE_INTTYPES_H
| # include <inttypes.h>
| #endif
| #ifdef HAVE_STDINT_H
| # include <stdint.h>
| #endif
| #ifdef HAVE_UNISTD_H
| # include <unistd.h>
| #endif
| int
| main ()
| {
| if (sizeof ((ssize_t)))
| 	    return 0;
|   ;
|   return 0;
| }
configure:17903: result: yes
configure:17914: checking for uint16_t
configure:17914: gcc -c -g -O2  conftest.c >&5
configure:17914: $? = 0
configure:17914: result: yes
configure:17926: checking for uint32_t
configure:17926: gcc -c -g -O2  conftest.c >&5
configure:17926: $? = 0
configure:17926: result: yes
configure:17940: checking for uint8_t
configure:17940: gcc -c -g -O2  conftest.c >&5
configure:17940: $? = 0
configure:17940: result: yes
configure:17958: checking winsock2.h usability
configure:17958: gcc -c -g -O2  conftest.c >&5
conftest.c:94:10: fatal error: winsock2.h: No such file or directory
   94 | #include <winsock2.h>
      |          ^~~~~~~~~~~~
compilation terminated.
configure:17958: $? = 1
configure: failed program was:
| /* confdefs.h */
| #define PACKAGE_NAME "libmodbus"
| #define PACKAGE_TARNAME "libmodbus"
| #define PACKAGE_VERSION "3.1.2"
| #define PACKAGE_STRING "libmodbus 3.1.2"
| #define PACKAGE_BUGREPORT "https://github.com/stephane/libmodbus/issues"
| #define PACKAGE_URL "http://libmodbus.org/"
| #define PACKAGE "libmodbus"
| #define VERSION "3.1.2"
| #define STDC_HEADERS 1
| #define HAVE_SYS_TYPES_H 1
| #define HAVE_SYS_STAT_H 1
| #define HAVE_STDLIB_H 1
| #define HAVE_STRING_H 1
| #define HAVE_MEMORY_H 1
| #define HAVE_STRINGS_H 1
| #define HAVE_INTTYPES_H 1
| #define HAVE_STDINT_H 1
| #define HAVE_UNISTD_H 1
| #define __EXTENSIONS__ 1
| #define _ALL_SOURCE 1
| #define _GNU_SOURCE 1
| #define _POSIX_PTHREAD_SEMANTICS 1
| #define _TANDEM_SOURCE 1
| #define HAVE_DLFCN_H 1
| #define LT_OBJDIR ".libs/"
| #define HAVE_ARPA_INET_H 1
| #define HAVE_BYTESWAP_H 1
| #define HAVE_ERRNO_H 1
| #define HAVE_FCNTL_H 1
| #define HAVE_LIMITS_H 1
| #define HAVE_LINUX_SERIAL_H 1
| #define HAVE_NETDB_H 1
| #define HAVE_NETINET_IN_H 1
| #define HAVE_NETINET_TCP_H 1
| #define HAVE_SYS_IOCTL_H 1
| #define HAVE_SYS_SOCKET_H 1
| #define HAVE_SYS_TIME_H 1
| #define HAVE_SYS_TYPES_H 1
| #define HAVE_TERMIOS_H 1
| #define HAVE_TIME_H 1
| #define HAVE_UNISTD_H 1
| #define HAVE_DECL___CYGWIN__ 0
| #define HAVE_FORK 1
| #define HAVE_VFORK 1
| #define HAVE_WORKING_VFORK 1
| #define HAVE_WORKING_FORK 1
| #define HAVE_STDLIB_H 1
| #define HAVE_MALLOC 1
| #define HAVE_ACCEPT4 1
| #define HAVE_GETADDRINFO 1
| #define HAVE_GETTIMEOFDAY 1
| #define HAVE_INET_NTOA 1
| #define HAVE_MEMSET 1
| #define HAVE_SELECT 1
| #define HAVE_SOCKET 1
| #define HAVE_STRERROR 1
| #define HAVE_STRLCPY 1
| #define WINVER 0x0501
| /* end confdefs.h.  */
| #include <stdio.h>
| #ifdef HAVE_SYS_TYPES_H
| # include <sys/types.h>
| #endif
| #ifdef HAVE_SYS_STAT_H
| # include <sys/stat.h>
| #endif
| #ifdef STDC_HEADERS
| # include <stdlib.h>
| # include <stddef.h>
| #else
| # ifdef HAVE_STDLIB_H
| #  include <stdlib.h>
| # endif
| #endif
| #ifdef HAVE_STRING_H
| # if !defined STDC_HEADERS && defined HAVE_MEMORY_H
| #  include <memory.h>
| # endif
| # include <string.h>
| #endif
| #ifdef HAVE_STRINGS_H
| # include <strings.h>
| #endif
| #ifdef HAVE_INTTYPES_H
| # include <inttypes.h>
| #endif
| #ifdef HAVE_STDINT_H
| # include <stdint.h>
| #endif
| #ifdef HAVE_UNISTD_H
| # include <unistd.h>
| #endif
| #include <winsock2.h>
configure:17958: result: no
configure:17958: checking winsock2.h presence
configure:17958: gcc -E  conftest.c
conftest.c:61:10: fatal error: winsock2.h: No such file or directory
   61 | #include <winsock2.h>
      |          ^~~~~~~~~~~~
compilation terminated.
configure:17958: $? = 1
configure: failed program was:
| /* confdefs.h */
| #define PACKAGE_NAME "libmodbus"
| #define PACKAGE_TARNAME "libmodbus"
| #define PACKAGE_VERSION "3.1.2"
| #define PACKAGE_STRING "libmodbus 3.1.2"
| #define PACKAGE_BUGREPORT "https://github.com/stephane/libmodbus/issues"
| #define PACKAGE_URL "http://libmodbus.org/"
| #define PACKAGE "libmodbus"
| #define VERSION "3.1.2"
| #define STDC_HEADERS 1
| #define HAVE_SYS_TYPES_H 1
| #define HAVE_SYS_STAT_H 1
| #define HAVE_STDLIB_H 1
| #define HAVE_STRING_H 1
| #define HAVE_MEMORY_H 1
| #define HAVE_STRINGS_H 1
| #define HAVE_INTTYPES_H 1
| #define HAVE_STDINT_H 1
| #define HAVE_UNISTD_H 1
| #define __EXTENSIONS__ 1
| #define _ALL_SOURCE 1
| #define _GNU_SOURCE 1
| #define _POSIX_PTHREAD_SEMANTICS 1
| #define _TANDEM_SOURCE 1
| #define HAVE_DLFCN_H 1
| #define LT_OBJDIR ".libs/"
| #define HAVE_ARPA_INET_H 1
| #define HAVE_BYTESWAP_H 1
| #define HAVE_ERRNO_H 1
| #define HAVE_FCNTL_H 1
| #define HAVE_LIMITS_H 1
| #define HAVE_LINUX_SERIAL_H 1
| #define HAVE_NETDB_H 1
| #define HAVE_NETINET_IN_H 1
| #define HAVE_NETINET_TCP_H 1
| #define HAVE_SYS_IOCTL_H 1
| #define HAVE_SYS_SOCKET_H 1
| #define HAVE_SYS_TIME_H 1
| #define HAVE_SYS_TYPES_H 1
| #define HAVE_TERMIOS_H 1
| #define HAVE_TIME_H 1
| #define HAVE_UNISTD_H 1
| #define HAVE_DECL___CYGWIN__ 0
| #define HAVE_FORK 1
| #define HAVE_VFORK 1
| #define HAVE_WORKING_VFORK 1
| #define HAVE_WORKING_FORK 1
| #define HAVE_STDLIB_H 1
| #define HAVE_MALLOC 1
| #define HAVE_ACCEPT4 1
| #define HAVE_GETADDRINFO 1
| #define HAVE_GETTIMEOFDAY 1
| #define HAVE_INET_NTOA 1
| #define HAVE_MEMSET 1
| #define HAVE_SELECT 1
| #define HAVE_SOCKET 1
| #define HAVE_STRERROR 1
| #define HAVE_STRLCPY 1
| #define WINVER 0x0501
| /* end confdefs.h.  */
| #include <winsock2.h>
configure:17958: result: no
configure:17958: checking for winsock2.h
configure:17958: result: no
configure:17974: checking whether TIOCSRS485 is declared
configure:17974: gcc -c -g -O2  conftest.c >&5
configure:17974: $? = 0
configure:17974: result: yes
configure:17987: checking whether TIOCM_RTS is declared
configure:17987: gcc -c -g -O2  conftest.c >&5
configure:17987: $? = 0
configure:17987: result: yes
configure:18123: checking that generated files are newer than configure
configure:18129: result: done
configure:18168: creating ./config.status

## ---------------------- ##
## Running config.status. ##
## ---------------------- ##

This file was extended by libmodbus config.status 3.1.2, which was
generated by GNU Autoconf 2.69.  Invocation command line was

  CONFIG_FILES    = 
  CONFIG_HEADERS  = 
  CONFIG_LINKS    = 
  CONFIG_COMMANDS = 
  $ ./config.status 

on combatthis

config.status:1213: creating Makefile
config.status:1213: creating src/Makefile
config.status:1213: creating src/modbus-version.h
config.status:1213: creating src/win32/modbus.dll.manifest
config.status:1213: creating tests/Makefile
config.status:1213: creating doc/Makefile
config.status:1213: creating libmodbus.pc
config.status:1213: creating config.h
config.status:1394: config.h is unchanged
config.status:1213: creating tests/unit-test.h
config.status:1394: tests/unit-test.h is unchanged
config.status:1442: executing depfiles commands
config.status:1519: cd src       && sed -e '/# am--include-marker/d' Makefile         | make -f - am--depfiles
make: Nothing to be done for 'am--depfiles'.
config.status:1524: $? = 0
config.status:1519: cd tests       && sed -e '/# am--include-marker/d' Makefile         | make -f - am--depfiles
make: Nothing to be done for 'am--depfiles'.
config.status:1524: $? = 0
config.status:1442: executing libtool commands
configure:20605: result:
        libmodbus 3.1.2
        ===============

        prefix:                 /usr/local
        sysconfdir:             ${prefix}/etc
        libdir:                 ${exec_prefix}/lib
        includedir:             ${prefix}/include

        compiler:               gcc
        cflags:                 -g -O2
        ldflags:                

        documentation:          no


## ---------------- ##
## Cache variables. ##
## ---------------- ##

ac_cv_build=x86_64-pc-linux-gnu
ac_cv_c_compiler_gnu=yes
ac_cv_c_inline=inline
ac_cv_c_int64_t=yes
ac_cv_c_uint16_t=yes
ac_cv_c_uint32_t=yes
ac_cv_c_uint8_t=yes
ac_cv_cxx_compiler_gnu=yes
ac_cv_env_CCC_set=
ac_cv_env_CCC_value=
ac_cv_env_CC_set=
ac_cv_env_CC_value=
ac_cv_env_CFLAGS_set=
ac_cv_env_CFLAGS_value=
ac_cv_env_CPPFLAGS_set=
ac_cv_env_CPPFLAGS_value=
ac_cv_env_CPP_set=
ac_cv_env_CPP_value=
ac_cv_env_CXXCPP_set=
ac_cv_env_CXXCPP_value=
ac_cv_env_CXXFLAGS_set=
ac_cv_env_CXXFLAGS_value=
ac_cv_env_CXX_set=
ac_cv_env_CXX_value=
ac_cv_env_LDFLAGS_set=
ac_cv_env_LDFLAGS_value=
ac_cv_env_LIBS_set=
ac_cv_env_LIBS_value=
ac_cv_env_LT_SYS_LIBRARY_PATH_set=
ac_cv_env_LT_SYS_LIBRARY_PATH_value=
ac_cv_env_build_alias_set=
ac_cv_env_build_alias_value=
ac_cv_env_host_alias_set=
ac_cv_env_host_alias_value=
ac_cv_env_target_alias_set=
ac_cv_env_target_alias_value=
ac_cv_func_accept4=yes
ac_cv_func_fork=yes
ac_cv_func_fork_works=yes
ac_cv_func_getaddrinfo=yes
ac_cv_func_gettimeofday=yes
ac_cv_func_inet_ntoa=yes
ac_cv_func_malloc_0_nonnull=yes
ac_cv_func_memset=yes
ac_cv_func_select=yes
ac_cv_func_socket=yes
ac_cv_func_strerror=yes
ac_cv_func_strlcpy=yes
ac_cv_func_vfork=yes
ac_cv_func_vfork_works=yes
ac_cv_have_decl_TIOCM_RTS=yes
ac_cv_have_decl_TIOCSRS485=yes
ac_cv_have_decl___CYGWIN__=no
ac_cv_header_arpa_inet_h=yes
ac_cv_header_byteswap_h=yes
ac_cv_header_dlfcn_h=yes
ac_cv_header_errno_h=yes
ac_cv_header_fcntl_h=yes
ac_cv_header_inttypes_h=yes
ac_cv_header_limits_h=yes
ac_cv_header_linux_serial_h=yes
ac_cv_header_memory_h=yes
ac_cv_header_minix_config_h=no
ac_cv_header_netdb_h=yes
ac_cv_header_netinet_in_h=yes
ac_cv_header_netinet_tcp_h=yes
ac_cv_header_stdc=yes
ac_cv_header_stdint_h=yes
ac_cv_header_stdlib_h=yes
ac_cv_header_string_h=yes
ac_cv_header_strings_h=yes
ac_cv_header_sys_ioctl_h=yes
ac_cv_header_sys_params_h=no
ac_cv_header_sys_socket_h=yes
ac_cv_header_sys_stat_h=yes
ac_cv_header_sys_time_h=yes
ac_cv_header_sys_types_h=yes
ac_cv_header_termios_h=yes
ac_cv_header_time_h=yes
ac_cv_header_unistd_h=yes
ac_cv_header_vfork_h=no
ac_cv_header_winsock2_h=no
ac_cv_host=x86_64-pc-linux-gnu
ac_cv_objext=o
ac_cv_path_EGREP='/bin/grep -E'
ac_cv_path_FGREP='/bin/grep -F'
ac_cv_path_GREP=/bin/grep
ac_cv_path_SED=/bin/sed
ac_cv_path_install='/usr/bin/ginstall -c'
ac_cv_path_lt_DD=/bin/dd
ac_cv_path_mkdir=/bin/mkdir
ac_cv_prog_AWK=gawk
ac_cv_prog_CPP='gcc -E'
ac_cv_prog_CXXCPP='g++ -E'
ac_cv_prog_ac_ct_AR=ar
ac_cv_prog_ac_ct_CC=gcc
ac_cv_prog_ac_ct_CXX=g++
ac_cv_prog_ac_ct_OBJDUMP=objdump
ac_cv_prog_ac_ct_RANLIB=ranlib
ac_cv_prog_ac_ct_STRIP=strip
ac_cv_prog_ac_libmodbus_have_asciidoc=no
ac_cv_prog_ac_libmodbus_have_xmlto=no
ac_cv_prog_cc_c89=
ac_cv_prog_cc_c99=
ac_cv_prog_cc_g=yes
ac_cv_prog_cc_stdc=
ac_cv_prog_cxx_g=yes
ac_cv_prog_make_make_set=yes
ac_cv_safe_to_define___extensions__=yes
ac_cv_sys_file_offset_bits=no
ac_cv_sys_largefile_CC=no
ac_cv_type_pid_t=yes
ac_cv_type_size_t=yes
ac_cv_type_ssize_t=yes
am_cv_CC_dependencies_compiler_type=gcc3
am_cv_CXX_dependencies_compiler_type=gcc3
am_cv_make_support_nested_variables=yes
am_cv_prog_cc_c_o=yes
am_cv_prog_tar_pax=gnutar
lt_cv_ar_at_file=@
lt_cv_archive_cmds_need_lc=no
lt_cv_deplibs_check_method=pass_all
lt_cv_file_magic_cmd='$MAGIC_CMD'
lt_cv_file_magic_test_file=
lt_cv_ld_reload_flag=-r
lt_cv_nm_interface='BSD nm'
lt_cv_objdir=.libs
lt_cv_path_LD=/usr/bin/ld
lt_cv_path_LDCXX='/usr/bin/ld -m elf_x86_64'
lt_cv_path_NM='/usr/bin/nm -B'
lt_cv_path_mainfest_tool=no
lt_cv_prog_compiler_c_o=yes
lt_cv_prog_compiler_c_o_CXX=yes
lt_cv_prog_compiler_pic='-fPIC -DPIC'
lt_cv_prog_compiler_pic_CXX='-fPIC -DPIC'
lt_cv_prog_compiler_pic_works=yes
lt_cv_prog_compiler_pic_works_CXX=yes
lt_cv_prog_compiler_rtti_exceptions=no
lt_cv_prog_compiler_static_works=no
lt_cv_prog_compiler_static_works_CXX=no
lt_cv_prog_gnu_ld=yes
lt_cv_prog_gnu_ldcxx=yes
lt_cv_sharedlib_from_linklib_cmd='printf %s\n'
lt_cv_shlibpath_overrides_runpath=no
lt_cv_sys_global_symbol_pipe='sed -n -e '\''s/^.*[	 ]\([ABCDGIRSTW][ABCDGIRSTW]*\)[	 ][	 ]*\([_A-Za-z][_A-Za-z0-9]*\)$/\1 \2 \2/p'\'' | sed '\''/ __gnu_lto/d'\'''
lt_cv_sys_global_symbol_to_c_name_address='sed -n -e '\''s/^: \(.*\) .*$/  {"\1", (void *) 0},/p'\'' -e '\''s/^[ABCDGIRSTW][ABCDGIRSTW]* .* \(.*\)$/  {"\1", (void *) \&\1},/p'\'''
lt_cv_sys_global_symbol_to_c_name_address_lib_prefix='sed -n -e '\''s/^: \(.*\) .*$/  {"\1", (void *) 0},/p'\'' -e '\''s/^[ABCDGIRSTW][ABCDGIRSTW]* .* \(lib.*\)$/  {"\1", (void *) \&\1},/p'\'' -e '\''s/^[ABCDGIRSTW][ABCDGIRSTW]* .* \(.*\)$/  {"lib\1", (void *) \&\1},/p'\'''
lt_cv_sys_global_symbol_to_cdecl='sed -n -e '\''s/^T .* \(.*\)$/extern int \1();/p'\'' -e '\''s/^[ABCDGIRSTW][ABCDGIRSTW]* .* \(.*\)$/extern char \1;/p'\'''
lt_cv_sys_global_symbol_to_import=
lt_cv_sys_max_cmd_len=1572864
lt_cv_to_host_file_cmd=func_convert_file_noop
lt_cv_to_tool_file_cmd=func_convert_file_noop
lt_cv_truncate_bin='/bin/dd bs=4096 count=1'

## ----------------- ##
## Output variables. ##
## ----------------- ##

ACLOCAL='${SHELL} '\''/home/master/projects/Procont_EE/utils/libmodbus_src/build-aux/missing'\'' aclocal-1.16'
AMDEPBACKSLASH='\'
AMDEP_FALSE='#'
AMDEP_TRUE=''
AMTAR='$${TAR-tar}'
AM_BACKSLASH='\'
AM_DEFAULT_V='$(AM_DEFAULT_VERBOSITY)'
AM_DEFAULT_VERBOSITY='0'
AM_V='$(V)'
AR='ar'
AS='as'
AUTOCONF='${SHELL} '\''/home/master/projects/Procont_EE/utils/libmodbus_src/build-aux/missing'\'' autoconf'
AUTOHEADER='${SHELL} '\''/home/master/projects/Procont_EE/utils/libmodbus_src/build-aux/missing'\'' autoheader'
AUTOMAKE='${SHELL} '\''/home/master/projects/Procont_EE/utils/libmodbus_src/build-aux/missing'\'' automake-1.16'
AWK='gawk'
BUILD_DOC_FALSE=''
BUILD_DOC_TRUE='#'
CC='gcc'
CCDEPMODE='depmode=gcc3'
CFLAGS='-g -O2'
CPP='gcc -E'
CPPFLAGS=''
CXX='g++'
CXXCPP='g++ -E'
CXXDEPMODE='depmode=gcc3'
CXXFLAGS='-g -O2'
CYGPATH_W='echo'
DEFS='-DHAVE_CONFIG_H'
DEPDIR='.deps'
DLLTOOL='false'
DSYMUTIL=''
DUMPBIN=''
ECHO_C=''
ECHO_N='-n'
ECHO_T=''
EGREP='/bin/grep -E'
EXEEXT=''
FGREP='/bin/grep -F'
GREP='/bin/grep'
INSTALL_DATA='${INSTALL} -m 644'
INSTALL_PROGRAM='${INSTALL}'
INSTALL_SCRIPT='${INSTALL}'
INSTALL_STRIP_PROGRAM='$(install_sh) -c -s'
LD='/usr/bin/ld -m elf_x86_64'
LDFLAGS=''
LIBMODBUS_LT_VERSION_INFO='6:0:1'
LIBMODBUS_VERSION='3.1.2'
LIBMODBUS_VERSION_MAJOR='3'
LIBMODBUS_VERSION_MICRO='2'
LIBMODBUS_VERSION_MINOR='1'
LIBOBJS=''
LIBS=''
LIBTOOL='$(SHELL) $(top_builddir)/libtool'
LIPO=''
LN_S='ln -s'
LTLIBOBJS=''
LT_SYS_LIBRARY_PATH=''
MAKEINFO='${SHELL} '\''/home/master/projects/Procont_EE/utils/libmodbus_src/build-aux/missing'\'' makeinfo'
MANIFEST_TOOL=':'
MKDIR_P='/bin/mkdir -p'
NM='/usr/bin/nm -B'
NMEDIT=''
OBJDUMP='objdump'
OBJEXT='o'
OS_QNX_FALSE=''
OS_QNX_TRUE='#'
OS_WIN32_FALSE=''
OS_WIN32_TRUE='#'
OTOOL64=''
OTOOL=''
PACKAGE='libmodbus'
PACKAGE_BUGREPORT='https://github.com/stephane/libmodbus/issues'
PACKAGE_NAME='libmodbus'
PACKAGE_STRING='libmodbus 3.1.2'
PACKAGE_TARNAME='libmodbus'
PACKAGE_URL='http://libmodbus.org/'
PACKAGE_VERSION='3.1.2'
PATH_SEPARATOR=':'
RANLIB='ranlib'
SED='/bin/sed'
SET_MAKE=''
SHELL='/bin/sh'
STRIP='strip'
VERSION='3.1.2'
ac_ct_AR='ar'
ac_ct_CC='gcc'
ac_ct_CXX='g++'
ac_ct_DUMPBIN=''
ac_libmodbus_have_asciidoc='no'
ac_libmodbus_have_xmlto='no'
am__EXEEXT_FALSE=''
am__EXEEXT_TRUE='#'
am__fastdepCC_FALSE='#'
am__fastdepCC_TRUE=''
am__fastdepCXX_FALSE='#'
am__fastdepCXX_TRUE=''
am__include='include'
am__isrc=''
am__leading_dot='.'
am__nodep='_no'
am__quote=''
am__tar='tar --format=posix -chf - "$$tardir"'
am__untar='tar -xf -'
bindir='${exec_prefix}/bin'
build='x86_64-pc-linux-gnu'
build_alias=''
build_cpu='x86_64'
build_os='linux-gnu'
build_vendor='pc'
datadir='${datarootdir}'
datarootdir='${prefix}/share'
docdir='${datarootdir}/doc/${PACKAGE_TARNAME}'
dvidir='${docdir}'
exec_prefix='${prefix}'
host='x86_64-pc-linux-gnu'
host_alias=''
host_cpu='x86_64'
host_os='linux-gnu'
host_vendor='pc'
htmldir='${docdir}'
includedir='${prefix}/include'
infodir='${datarootdir}/info'
install_sh='${SHELL} /home/master/projects/Procont_EE/utils/libmodbus_src/build-aux/install-sh'
libdir='${exec_prefix}/lib'
libexecdir='${exec_prefix}/libexec'
localedir='${datarootdir}/locale'
localstatedir='${prefix}/var'
mandir='${datarootdir}/man'
mkdir_p='$(MKDIR_P)'
my_CFLAGS='-Wall -Wmissing-declarations -Wmissing-prototypes -Wnested-externs -Wpointer-arith -Wpointer-arith -Wsign-compare -Wchar-subscripts -Wstrict-prototypes -Wshadow -Wformat-security'
oldincludedir='/usr/include'
pdfdir='${docdir}'
prefix='/usr/local'
program_transform_name='s,x,x,'
psdir='${docdir}'
sbindir='${exec_prefix}/sbin'
sharedstatedir='${prefix}/com'
sysconfdir='${prefix}/etc'
target_alias=''

## ----------- ##
## confdefs.h. ##
## ----------- ##

/* confdefs.h */
#define PACKAGE_NAME "libmodbus"
#define PACKAGE_TARNAME "libmodbus"
#define PACKAGE_VERSION "3.1.2"
#define PACKAGE_STRING "libmodbus 3.1.2"
#define PACKAGE_BUGREPORT "https://github.com/stephane/libmodbus/issues"
#define PACKAGE_URL "http://libmodbus.org/"
#define PACKAGE "libmodbus"
#define VERSION "3.1.2"
#define STDC_HEADERS 1
#define HAVE_SYS_TYPES_H 1
#define HAVE_SYS_STAT_H 1
#define HAVE_STDLIB_H 1
#define HAVE_STRING_H 1
#define HAVE_MEMORY_H 1
#define HAVE_STRINGS_H 1
#define HAVE_INTTYPES_H 1
#define HAVE_STDINT_H 1
#define HAVE_UNISTD_H 1
#define __EXTENSIONS__ 1
#define _ALL_SOURCE 1
#define _GNU_SOURCE 1
#define _POSIX_PTHREAD_SEMANTICS 1
#define _TANDEM_SOURCE 1
#define HAVE_DLFCN_H 1
#define LT_OBJDIR ".libs/"
#define HAVE_ARPA_INET_H 1
#define HAVE_BYTESWAP_H 1
#define HAVE_ERRNO_H 1
#define HAVE_FCNTL_H 1
#define HAVE_LIMITS_H 1
#define HAVE_LINUX_SERIAL_H 1
#define HAVE_NETDB_H 1
#define HAVE_NETINET_IN_H 1
#define HAVE_NETINET_TCP_H 1
#define HAVE_SYS_IOCTL_H 1
#define HAVE_SYS_SOCKET_H 1
#define HAVE_SYS_TIME_H 1
#define HAVE_SYS_TYPES_H 1
#define HAVE_TERMIOS_H 1
#define HAVE_TIME_H 1
#define HAVE_UNISTD_H 1
#define HAVE_DECL___CYGWIN__ 0
#define HAVE_FORK 1
#define HAVE_VFORK 1
#define HAVE_WORKING_VFORK 1
#define HAVE_WORKING_FORK 1
#define HAVE_STDLIB_H 1
#define HAVE_MALLOC 1
#define HAVE_ACCEPT4 1
#define HAVE_GETADDRINFO 1
#define HAVE_GETTIMEOFDAY 1
#define HAVE_INET_NTOA 1
#define HAVE_MEMSET 1
#define HAVE_SELECT 1
#define HAVE_SOCKET 1
#define HAVE_STRERROR 1
#define HAVE_STRLCPY 1
#define WINVER 0x0501
#define HAVE_DECL_TIOCSRS485 1
#define HAVE_DECL_TIOCM_RTS 1

configure: exit 0
