This file contains any messages produced by compilers while
running configure, to aid debugging if configure makes a mistake.

It was created by libmodbus configure 3.1.4, which was
generated by GNU Autoconf 2.71.  Invocation command line was

  $ ./configure --enable-static

## --------- ##
## Platform. ##
## --------- ##

hostname = astra181
uname -m = x86_64
uname -r = 6.1.90-1-generic
uname -s = Linux
uname -v = #astra2+ci10 SMP PREEMPT_DYNAMIC Tue Jun 11 23:34:59 MSK 2024

/usr/bin/uname -p = unknown
/bin/uname -X     = unknown

/bin/arch              = x86_64
/usr/bin/arch -k       = unknown
/usr/convex/getsysinfo = unknown
/usr/bin/hostinfo      = unknown
/bin/machine           = unknown
/usr/bin/oslevel       = unknown
/bin/universe          = unknown

PATH: /usr/local/bin/
PATH: /usr/bin/
PATH: /bin/
PATH: /usr/local/games/
PATH: /usr/games/
PATH: /home/ambitecs/Qt/Tools/Ninja/


## ----------- ##
## Core tests. ##
## ----------- ##

configure:3029: looking for aux files: ltmain.sh config.guess config.sub compile missing install-sh
configure:3042:  trying ./build-aux/
configure:3071:   ./build-aux/ltmain.sh found
configure:3071:   ./build-aux/config.guess found
configure:3071:   ./build-aux/config.sub found
configure:3071:   ./build-aux/compile found
configure:3071:   ./build-aux/missing found
configure:3053:   ./build-aux/install-sh found
configure:3202: checking for a BSD-compatible install
configure:3275: result: /usr/bin/install -c
configure:3286: checking whether build environment is sane
configure:3341: result: yes
configure:3500: checking for a race-free mkdir -p
configure:3544: result: /usr/bin/mkdir -p
configure:3551: checking for gawk
configure:3572: found /usr/bin/gawk
configure:3583: result: gawk
configure:3594: checking whether make sets $(MAKE)
configure:3617: result: yes
configure:3647: checking whether make supports nested variables
configure:3665: result: yes
configure:3740: checking how to create a pax tar archive
configure:3751: tar --version
tar (GNU tar) 1.34
Copyright (C) 2021 Free Software Foundation, Inc.
License GPLv3+: GNU GPL version 3 or later <https://gnu.org/licenses/gpl.html>.
This is free software: you are free to change and redistribute it.
There is NO WARRANTY, to the extent permitted by law.

Written by John Gilmore and Jay Fenlason.
configure:3754: $? = 0
configure:3794: tardir=conftest.dir && eval tar --format=posix -chf - "$tardir" >conftest.tar
configure:3797: $? = 0
configure:3801: tar -xf - <conftest.tar
configure:3804: $? = 0
configure:3806: cat conftest.dir/file
GrepMe
configure:3809: $? = 0
configure:3823: result: gnutar
configure:3900: checking whether make supports the include directive
configure:3915: make -f confmf.GNU && cat confinc.out
this is the am__doit target
configure:3918: $? = 0
configure:3937: result: yes (GNU style)
configure:4013: checking for gcc
configure:4034: found /usr/bin/gcc
configure:4045: result: gcc
configure:4398: checking for C compiler version
configure:4407: gcc --version >&5
gcc (Astra 12.2.0-14.astra3) 12.2.0
Copyright (C) 2022 Free Software Foundation, Inc.
This is free software; see the source for copying conditions.  There is NO
warranty; not even for MERCHANTABILITY or FITNESS FOR A PARTICULAR PURPOSE.

configure:4418: $? = 0
configure:4407: gcc -v >&5
Using built-in specs.
COLLECT_GCC=gcc
COLLECT_LTO_WRAPPER=/usr/lib/gcc/x86_64-linux-gnu/12/lto-wrapper
OFFLOAD_TARGET_NAMES=nvptx-none:amdgcn-amdhsa
OFFLOAD_TARGET_DEFAULT=1
Target: x86_64-linux-gnu
Configured with: ../src/configure -v --with-pkgversion='Astra 12.2.0-14.astra3' --with-bugurl=file:///usr/share/doc/gcc-12/README.Bugs --enable-languages=c,ada,c++,go,d,fortran,objc,obj-c++,m2 --prefix=/usr --with-gcc-major-version-only --program-suffix=-12 --program-prefix=x86_64-linux-gnu- --enable-shared --enable-linker-build-id --libexecdir=/usr/lib --without-included-gettext --enable-threads=posix --libdir=/usr/lib --enable-nls --enable-clocale=gnu --enable-libstdcxx-debug --enable-libstdcxx-time=yes --with-default-libstdcxx-abi=new --enable-gnu-unique-object --disable-vtable-verify --enable-plugin --enable-default-pie --with-system-zlib --enable-libphobos-checking=release --with-target-system-zlib=auto --enable-objc-gc=auto --enable-multiarch --disable-werror --enable-cet --with-arch-32=i686 --with-abi=m64 --with-multilib-list=m32,m64,mx32 --enable-multilib --with-tune=generic --enable-offload-targets=nvptx-none=/builds/AstraOS/buildsystem/tbs_build/gcc-12/gcc-12-12.2.0/debian/tmp-nvptx/usr,amdgcn-amdhsa=/builds/AstraOS/buildsystem/tbs_build/gcc-12/gcc-12-12.2.0/debian/tmp-gcn/usr --enable-offload-defaulted --without-cuda-driver --enable-checking=release --build=x86_64-linux-gnu --host=x86_64-linux-gnu --target=x86_64-linux-gnu
Thread model: posix
Supported LTO compression algorithms: zlib zstd
gcc version 12.2.0 (Astra 12.2.0-14.astra3) 
... rest of stderr output deleted ...
configure:4418: $? = 0
configure:4407: gcc -V >&5
gcc: error: unrecognized command-line option '-V'
gcc: fatal error: no input files
compilation terminated.
configure:4418: $? = 1
configure:4407: gcc -qversion >&5
gcc: error: unrecognized command-line option '-qversion'; did you mean '--version'?
gcc: fatal error: no input files
compilation terminated.
configure:4418: $? = 1
configure:4407: gcc -version >&5
gcc: error: unrecognized command-line option '-version'
gcc: fatal error: no input files
compilation terminated.
configure:4418: $? = 1
configure:4438: checking whether the C compiler works
configure:4460: gcc    conftest.c  >&5
configure:4464: $? = 0
configure:4514: result: yes
configure:4517: checking for C compiler default output file name
configure:4519: result: a.out
configure:4525: checking for suffix of executables
configure:4532: gcc -o conftest    conftest.c  >&5
configure:4536: $? = 0
configure:4559: result: 
configure:4581: checking whether we are cross compiling
configure:4589: gcc -o conftest    conftest.c  >&5
configure:4593: $? = 0
configure:4600: ./conftest
configure:4604: $? = 0
configure:4619: result: no
configure:4624: checking for suffix of object files
configure:4647: gcc -c   conftest.c >&5
configure:4651: $? = 0
configure:4673: result: o
configure:4677: checking whether the compiler supports GNU C
configure:4697: gcc -c   conftest.c >&5
configure:4697: $? = 0
configure:4707: result: yes
configure:4718: checking whether gcc accepts -g
configure:4739: gcc -c -g  conftest.c >&5
configure:4739: $? = 0
configure:4783: result: yes
configure:4803: checking for gcc option to enable C11 features
configure:4818: gcc  -c -g -O2  conftest.c >&5
configure:4818: $? = 0
configure:4836: result: none needed
configure:4952: checking whether gcc understands -c and -o together
configure:4975: gcc -c conftest.c -o conftest2.o
configure:4978: $? = 0
configure:4975: gcc -c conftest.c -o conftest2.o
configure:4978: $? = 0
configure:4990: result: yes
configure:5009: checking dependency style of gcc
configure:5121: result: gcc3
configure:5142: checking for stdio.h
configure:5142: gcc -c -g -O2  conftest.c >&5
configure:5142: $? = 0
configure:5142: result: yes
configure:5142: checking for stdlib.h
configure:5142: gcc -c -g -O2  conftest.c >&5
configure:5142: $? = 0
configure:5142: result: yes
configure:5142: checking for string.h
configure:5142: gcc -c -g -O2  conftest.c >&5
configure:5142: $? = 0
configure:5142: result: yes
configure:5142: checking for inttypes.h
configure:5142: gcc -c -g -O2  conftest.c >&5
configure:5142: $? = 0
configure:5142: result: yes
configure:5142: checking for stdint.h
configure:5142: gcc -c -g -O2  conftest.c >&5
configure:5142: $? = 0
configure:5142: result: yes
configure:5142: checking for strings.h
configure:5142: gcc -c -g -O2  conftest.c >&5
configure:5142: $? = 0
configure:5142: result: yes
configure:5142: checking for sys/stat.h
configure:5142: gcc -c -g -O2  conftest.c >&5
configure:5142: $? = 0
configure:5142: result: yes
configure:5142: checking for sys/types.h
configure:5142: gcc -c -g -O2  conftest.c >&5
configure:5142: $? = 0
configure:5142: result: yes
configure:5142: checking for unistd.h
configure:5142: gcc -c -g -O2  conftest.c >&5
configure:5142: $? = 0
configure:5142: result: yes
configure:5142: checking for wchar.h
configure:5142: gcc -c -g -O2  conftest.c >&5
configure:5142: $? = 0
configure:5142: result: yes
configure:5142: checking for minix/config.h
configure:5142: gcc -c -g -O2  conftest.c >&5
conftest.c:49:10: fatal error: minix/config.h: No such file or directory
   49 | #include <minix/config.h>
      |          ^~~~~~~~~~~~~~~~
compilation terminated.
configure:5142: $? = 1
configure: failed program was:
| /* confdefs.h */
| #define PACKAGE_NAME "libmodbus"
| #define PACKAGE_TARNAME "libmodbus"
| #define PACKAGE_VERSION "3.1.4"
| #define PACKAGE_STRING "libmodbus 3.1.4"
| #define PACKAGE_BUGREPORT "https://github.com/stephane/libmodbus/issues"
| #define PACKAGE_URL "http://libmodbus.org/"
| #define PACKAGE "libmodbus"
| #define VERSION "3.1.4"
| #define HAVE_STDIO_H 1
| #define HAVE_STDLIB_H 1
| #define HAVE_STRING_H 1
| #define HAVE_INTTYPES_H 1
| #define HAVE_STDINT_H 1
| #define HAVE_STRINGS_H 1
| #define HAVE_SYS_STAT_H 1
| #define HAVE_SYS_TYPES_H 1
| #define HAVE_UNISTD_H 1
| #define HAVE_WCHAR_H 1
| /* end confdefs.h.  */
| #include <stddef.h>
| #ifdef HAVE_STDIO_H
| # include <stdio.h>
| #endif
| #ifdef HAVE_STDLIB_H
| # include <stdlib.h>
| #endif
| #ifdef HAVE_STRING_H
| # include <string.h>
| #endif
| #ifdef HAVE_INTTYPES_H
| # include <inttypes.h>
| #endif
| #ifdef HAVE_STDINT_H
| # include <stdint.h>
| #endif
| #ifdef HAVE_STRINGS_H
| # include <strings.h>
| #endif
| #ifdef HAVE_SYS_TYPES_H
| # include <sys/types.h>
| #endif
| #ifdef HAVE_SYS_STAT_H
| # include <sys/stat.h>
| #endif
| #ifdef HAVE_UNISTD_H
| # include <unistd.h>
| #endif
| #include <minix/config.h>
configure:5142: result: no
configure:5142: checking for vfork.h
configure:5142: gcc -c -g -O2  conftest.c >&5
conftest.c:49:10: fatal error: vfork.h: No such file or directory
   49 | #include <vfork.h>
      |          ^~~~~~~~~
compilation terminated.
configure:5142: $? = 1
configure: failed program was:
| /* confdefs.h */
| #define PACKAGE_NAME "libmodbus"
| #define PACKAGE_TARNAME "libmodbus"
| #define PACKAGE_VERSION "3.1.4"
| #define PACKAGE_STRING "libmodbus 3.1.4"
| #define PACKAGE_BUGREPORT "https://github.com/stephane/libmodbus/issues"
| #define PACKAGE_URL "http://libmodbus.org/"
| #define PACKAGE "libmodbus"
| #define VERSION "3.1.4"
| #define HAVE_STDIO_H 1
| #define HAVE_STDLIB_H 1
| #define HAVE_STRING_H 1
| #define HAVE_INTTYPES_H 1
| #define HAVE_STDINT_H 1
| #define HAVE_STRINGS_H 1
| #define HAVE_SYS_STAT_H 1
| #define HAVE_SYS_TYPES_H 1
| #define HAVE_UNISTD_H 1
| #define HAVE_WCHAR_H 1
| /* end confdefs.h.  */
| #include <stddef.h>
| #ifdef HAVE_STDIO_H
| # include <stdio.h>
| #endif
| #ifdef HAVE_STDLIB_H
| # include <stdlib.h>
| #endif
| #ifdef HAVE_STRING_H
| # include <string.h>
| #endif
| #ifdef HAVE_INTTYPES_H
| # include <inttypes.h>
| #endif
| #ifdef HAVE_STDINT_H
| # include <stdint.h>
| #endif
| #ifdef HAVE_STRINGS_H
| # include <strings.h>
| #endif
| #ifdef HAVE_SYS_TYPES_H
| # include <sys/types.h>
| #endif
| #ifdef HAVE_SYS_STAT_H
| # include <sys/stat.h>
| #endif
| #ifdef HAVE_UNISTD_H
| # include <unistd.h>
| #endif
| #include <vfork.h>
configure:5142: result: no
configure:5173: checking whether it is safe to define __EXTENSIONS__
configure:5192: gcc -c -g -O2  conftest.c >&5
configure:5192: $? = 0
configure:5200: result: yes
configure:5203: checking whether _XOPEN_SOURCE should be defined
configure:5225: gcc -c -g -O2  conftest.c >&5
configure:5225: $? = 0
configure:5252: result: no
configure:5316: checking for special C compiler options needed for large files
configure:5364: result: no
configure:5370: checking for _FILE_OFFSET_BITS value needed for large files
configure:5396: gcc -c -g -O2  conftest.c >&5
configure:5396: $? = 0
configure:5430: result: no
configure:5525: checking whether make supports nested variables
configure:5543: result: yes
configure:5578: checking build system type
configure:5593: result: x86_64-pc-linux-gnu
configure:5613: checking host system type
configure:5627: result: x86_64-pc-linux-gnu
configure:5727: checking how to print strings
configure:5754: result: printf
configure:5775: checking for a sed that does not truncate output
configure:5845: result: /usr/bin/sed
configure:5863: checking for grep that handles long lines and -e
configure:5927: result: /usr/bin/grep
configure:5932: checking for egrep
configure:6000: result: /usr/bin/grep -E
configure:6005: checking for fgrep
configure:6073: result: /usr/bin/grep -F
configure:6109: checking for ld used by gcc
configure:6177: result: /usr/bin/ld
configure:6184: checking if the linker (/usr/bin/ld) is GNU ld
configure:6200: result: yes
configure:6212: checking for BSD- or MS-compatible name lister (nm)
configure:6267: result: /usr/bin/nm -B
configure:6407: checking the name lister (/usr/bin/nm -B) interface
configure:6415: gcc -c -g -O2  conftest.c >&5
configure:6418: /usr/bin/nm -B "conftest.o"
configure:6421: output
0000000000000000 B some_variable
configure:6428: result: BSD nm
configure:6431: checking whether ln -s works
configure:6435: result: yes
configure:6443: checking the maximum length of command line arguments
configure:6575: result: 1572864
configure:6623: checking how to convert x86_64-pc-linux-gnu file names to x86_64-pc-linux-gnu format
configure:6664: result: func_convert_file_noop
configure:6671: checking how to convert x86_64-pc-linux-gnu file names to toolchain format
configure:6692: result: func_convert_file_noop
configure:6699: checking for /usr/bin/ld option to reload object files
configure:6707: result: -r
configure:6786: checking for file
configure:6807: found /usr/bin/file
configure:6818: result: file
configure:6894: checking for objdump
configure:6915: found /usr/bin/objdump
configure:6926: result: objdump
configure:6955: checking how to recognize dependent libraries
configure:7156: result: pass_all
configure:7246: checking for dlltool
configure:7281: result: no
configure:7308: checking how to associate runtime and link libraries
configure:7336: result: printf %s\n
configure:7401: checking for ar
configure:7422: found /usr/bin/ar
configure:7433: result: ar
configure:7486: checking for archiver @FILE support
configure:7504: gcc -c -g -O2  conftest.c >&5
configure:7504: $? = 0
configure:7508: ar cr libconftest.a @conftest.lst >&5
configure:7511: $? = 0
configure:7516: ar cr libconftest.a @conftest.lst >&5
ar: conftest.o: No such file or directory
configure:7519: $? = 1
configure:7531: result: @
configure:7594: checking for strip
configure:7615: found /usr/bin/strip
configure:7626: result: strip
configure:7703: checking for ranlib
configure:7724: found /usr/bin/ranlib
configure:7735: result: ranlib
configure:7837: checking command to parse /usr/bin/nm -B output from gcc object
configure:7991: gcc -c -g -O2  conftest.c >&5
configure:7994: $? = 0
configure:7998: /usr/bin/nm -B conftest.o | /usr/bin/sed -n -e 's/^.*[	 ]\([ABCDGIRSTW][ABCDGIRSTW]*\)[	 ][	 ]*\([_A-Za-z][_A-Za-z0-9]*\)$/\1 \2 \2/p' | /usr/bin/sed '/ __gnu_lto/d' > conftest.nm
configure:8064: gcc -o conftest -g -O2   conftest.c conftstm.o >&5
configure:8067: $? = 0
configure:8105: result: ok
configure:8152: checking for sysroot
configure:8183: result: no
configure:8190: checking for a working dd
configure:8234: result: /usr/bin/dd
configure:8238: checking how to truncate binary pipes
configure:8254: result: /usr/bin/dd bs=4096 count=1
configure:8391: gcc -c -g -O2  conftest.c >&5
configure:8394: $? = 0
configure:8591: checking for mt
configure:8612: found /usr/bin/mt
configure:8623: result: mt
configure:8646: checking if mt is a manifest tool
configure:8653: mt '-?'
configure:8661: result: no
configure:9382: checking for dlfcn.h
configure:9382: gcc -c -g -O2  conftest.c >&5
configure:9382: $? = 0
configure:9382: result: yes
configure:9967: checking for objdir
configure:9983: result: .libs
configure:10247: checking if gcc supports -fno-rtti -fno-exceptions
configure:10266: gcc -c -g -O2  -fno-rtti -fno-exceptions conftest.c >&5
cc1: warning: command-line option '-fno-rtti' is valid for C++/D/ObjC++ but not for C
configure:10270: $? = 0
configure:10283: result: no
configure:10647: checking for gcc option to produce PIC
configure:10655: result: -fPIC -DPIC
configure:10663: checking if gcc PIC flag -fPIC -DPIC works
configure:10682: gcc -c -g -O2  -fPIC -DPIC -DPIC conftest.c >&5
configure:10686: $? = 0
configure:10699: result: yes
configure:10728: checking if gcc static flag -static works
configure:10757: result: yes
configure:10772: checking if gcc supports -c -o file.o
configure:10794: gcc -c -g -O2  -o out/conftest2.o conftest.c >&5
configure:10798: $? = 0
configure:10820: result: yes
configure:10828: checking if gcc supports -c -o file.o
configure:10876: result: yes
configure:10909: checking whether the gcc linker (/usr/bin/ld -m elf_x86_64) supports shared libraries
configure:12183: result: yes
configure:12220: checking whether -lc should be explicitly linked in
configure:12229: gcc -c -g -O2  conftest.c >&5
configure:12232: $? = 0
configure:12247: gcc -shared  -fPIC -DPIC conftest.o  -v -Wl,-soname -Wl,conftest -o conftest 2\>\&1 \| /usr/bin/grep  -lc  \>/dev/null 2\>\&1
configure:12250: $? = 0
configure:12264: result: no
configure:12424: checking dynamic linker characteristics
configure:13006: gcc -o conftest -g -O2   -Wl,-rpath -Wl,/foo conftest.c  >&5
configure:13006: $? = 0
configure:13257: result: GNU/Linux ld.so
configure:13379: checking how to hardcode library paths into programs
configure:13404: result: immediate
configure:13956: checking whether stripping libraries is possible
configure:13965: result: yes
configure:14007: checking if libtool supports shared libraries
configure:14009: result: yes
configure:14012: checking whether to build shared libraries
configure:14037: result: yes
configure:14040: checking whether to build static libraries
configure:14044: result: yes
configure:14081: checking for arpa/inet.h
configure:14081: gcc -c -g -O2  conftest.c >&5
configure:14081: $? = 0
configure:14081: result: yes
configure:14087: checking for byteswap.h
configure:14087: gcc -c -g -O2  conftest.c >&5
configure:14087: $? = 0
configure:14087: result: yes
configure:14093: checking for errno.h
configure:14093: gcc -c -g -O2  conftest.c >&5
configure:14093: $? = 0
configure:14093: result: yes
configure:14099: checking for fcntl.h
configure:14099: gcc -c -g -O2  conftest.c >&5
configure:14099: $? = 0
configure:14099: result: yes
configure:14105: checking for limits.h
configure:14105: gcc -c -g -O2  conftest.c >&5
configure:14105: $? = 0
configure:14105: result: yes
configure:14111: checking for linux/serial.h
configure:14111: gcc -c -g -O2  conftest.c >&5
configure:14111: $? = 0
configure:14111: result: yes
configure:14117: checking for netdb.h
configure:14117: gcc -c -g -O2  conftest.c >&5
configure:14117: $? = 0
configure:14117: result: yes
configure:14123: checking for netinet/in.h
configure:14123: gcc -c -g -O2  conftest.c >&5
configure:14123: $? = 0
configure:14123: result: yes
configure:14129: checking for netinet/tcp.h
configure:14129: gcc -c -g -O2  conftest.c >&5
configure:14129: $? = 0
configure:14129: result: yes
configure:14135: checking for sys/ioctl.h
configure:14135: gcc -c -g -O2  conftest.c >&5
configure:14135: $? = 0
configure:14135: result: yes
configure:14141: checking for sys/params.h
configure:14141: gcc -c -g -O2  conftest.c >&5
conftest.c:78:10: fatal error: sys/params.h: No such file or directory
   78 | #include <sys/params.h>
      |          ^~~~~~~~~~~~~~
compilation terminated.
configure:14141: $? = 1
configure: failed program was:
| /* confdefs.h */
| #define PACKAGE_NAME "libmodbus"
| #define PACKAGE_TARNAME "libmodbus"
| #define PACKAGE_VERSION "3.1.4"
| #define PACKAGE_STRING "libmodbus 3.1.4"
| #define PACKAGE_BUGREPORT "https://github.com/stephane/libmodbus/issues"
| #define PACKAGE_URL "http://libmodbus.org/"
| #define PACKAGE "libmodbus"
| #define VERSION "3.1.4"
| #define HAVE_STDIO_H 1
| #define HAVE_STDLIB_H 1
| #define HAVE_STRING_H 1
| #define HAVE_INTTYPES_H 1
| #define HAVE_STDINT_H 1
| #define HAVE_STRINGS_H 1
| #define HAVE_SYS_STAT_H 1
| #define HAVE_SYS_TYPES_H 1
| #define HAVE_UNISTD_H 1
| #define HAVE_WCHAR_H 1
| #define STDC_HEADERS 1
| #define _ALL_SOURCE 1
| #define _DARWIN_C_SOURCE 1
| #define _GNU_SOURCE 1
| #define _HPUX_ALT_XOPEN_SOCKET_API 1
| #define _NETBSD_SOURCE 1
| #define _OPENBSD_SOURCE 1
| #define _POSIX_PTHREAD_SEMANTICS 1
| #define __STDC_WANT_IEC_60559_ATTRIBS_EXT__ 1
| #define __STDC_WANT_IEC_60559_BFP_EXT__ 1
| #define __STDC_WANT_IEC_60559_DFP_EXT__ 1
| #define __STDC_WANT_IEC_60559_FUNCS_EXT__ 1
| #define __STDC_WANT_IEC_60559_TYPES_EXT__ 1
| #define __STDC_WANT_LIB_EXT2__ 1
| #define __STDC_WANT_MATH_SPEC_FUNCS__ 1
| #define _TANDEM_SOURCE 1
| #define __EXTENSIONS__ 1
| #define HAVE_DLFCN_H 1
| #define LT_OBJDIR ".libs/"
| #define HAVE_ARPA_INET_H 1
| #define HAVE_BYTESWAP_H 1
| #define HAVE_ERRNO_H 1
| #define HAVE_FCNTL_H 1
| #define HAVE_LIMITS_H 1
| #define HAVE_LINUX_SERIAL_H 1
| #define HAVE_NETDB_H 1
| #define HAVE_NETINET_IN_H 1
| #define HAVE_NETINET_TCP_H 1
| #define HAVE_SYS_IOCTL_H 1
| /* end confdefs.h.  */
| #include <stddef.h>
| #ifdef HAVE_STDIO_H
| # include <stdio.h>
| #endif
| #ifdef HAVE_STDLIB_H
| # include <stdlib.h>
| #endif
| #ifdef HAVE_STRING_H
| # include <string.h>
| #endif
| #ifdef HAVE_INTTYPES_H
| # include <inttypes.h>
| #endif
| #ifdef HAVE_STDINT_H
| # include <stdint.h>
| #endif
| #ifdef HAVE_STRINGS_H
| # include <strings.h>
| #endif
| #ifdef HAVE_SYS_TYPES_H
| # include <sys/types.h>
| #endif
| #ifdef HAVE_SYS_STAT_H
| # include <sys/stat.h>
| #endif
| #ifdef HAVE_UNISTD_H
| # include <unistd.h>
| #endif
| #include <sys/params.h>
configure:14141: result: no
configure:14147: checking for sys/socket.h
configure:14147: gcc -c -g -O2  conftest.c >&5
configure:14147: $? = 0
configure:14147: result: yes
configure:14153: checking for sys/time.h
configure:14153: gcc -c -g -O2  conftest.c >&5
configure:14153: $? = 0
configure:14153: result: yes
configure:14159: checking for sys/types.h
configure:14159: result: yes
configure:14165: checking for termios.h
configure:14165: gcc -c -g -O2  conftest.c >&5
configure:14165: $? = 0
configure:14165: result: yes
configure:14171: checking for time.h
configure:14171: gcc -c -g -O2  conftest.c >&5
configure:14171: $? = 0
configure:14171: result: yes
configure:14177: checking for unistd.h
configure:14177: result: yes
configure:14204: checking for asciidoc
configure:14237: result: no
configure:14247: checking for xmlto
configure:14280: result: no
configure:14293: checking whether to build documentation
configure:14295: result: no
configure:14298: WARNING: The tools to build the documentation aren't installed
configure:14313: checking for gcc options needed to detect all undeclared functions
configure:14335: gcc -c -g -O2   conftest.c >&5
conftest.c: In function 'main':
conftest.c:60:8: error: 'strchr' undeclared (first use in this function)
   60 | (void) strchr;
      |        ^~~~~~
conftest.c:1:1: note: 'strchr' is defined in header '<string.h>'; did you forget to '#include <string.h>'?
    1 | /* confdefs.h */
conftest.c:60:8: note: each undeclared identifier is reported only once for each function it appears in
   60 | (void) strchr;
      |        ^~~~~~
configure:14335: $? = 1
configure: failed program was:
| /* confdefs.h */
| #define PACKAGE_NAME "libmodbus"
| #define PACKAGE_TARNAME "libmodbus"
| #define PACKAGE_VERSION "3.1.4"
| #define PACKAGE_STRING "libmodbus 3.1.4"
| #define PACKAGE_BUGREPORT "https://github.com/stephane/libmodbus/issues"
| #define PACKAGE_URL "http://libmodbus.org/"
| #define PACKAGE "libmodbus"
| #define VERSION "3.1.4"
| #define HAVE_STDIO_H 1
| #define HAVE_STDLIB_H 1
| #define HAVE_STRING_H 1
| #define HAVE_INTTYPES_H 1
| #define HAVE_STDINT_H 1
| #define HAVE_STRINGS_H 1
| #define HAVE_SYS_STAT_H 1
| #define HAVE_SYS_TYPES_H 1
| #define HAVE_UNISTD_H 1
| #define HAVE_WCHAR_H 1
| #define STDC_HEADERS 1
| #define _ALL_SOURCE 1
| #define _DARWIN_C_SOURCE 1
| #define _GNU_SOURCE 1
| #define _HPUX_ALT_XOPEN_SOCKET_API 1
| #define _NETBSD_SOURCE 1
| #define _OPENBSD_SOURCE 1
| #define _POSIX_PTHREAD_SEMANTICS 1
| #define __STDC_WANT_IEC_60559_ATTRIBS_EXT__ 1
| #define __STDC_WANT_IEC_60559_BFP_EXT__ 1
| #define __STDC_WANT_IEC_60559_DFP_EXT__ 1
| #define __STDC_WANT_IEC_60559_FUNCS_EXT__ 1
| #define __STDC_WANT_IEC_60559_TYPES_EXT__ 1
| #define __STDC_WANT_LIB_EXT2__ 1
| #define __STDC_WANT_MATH_SPEC_FUNCS__ 1
| #define _TANDEM_SOURCE 1
| #define __EXTENSIONS__ 1
| #define HAVE_DLFCN_H 1
| #define LT_OBJDIR ".libs/"
| #define HAVE_ARPA_INET_H 1
| #define HAVE_BYTESWAP_H 1
| #define HAVE_ERRNO_H 1
| #define HAVE_FCNTL_H 1
| #define HAVE_LIMITS_H 1
| #define HAVE_LINUX_SERIAL_H 1
| #define HAVE_NETDB_H 1
| #define HAVE_NETINET_IN_H 1
| #define HAVE_NETINET_TCP_H 1
| #define HAVE_SYS_IOCTL_H 1
| #define HAVE_SYS_SOCKET_H 1
| #define HAVE_SYS_TIME_H 1
| #define HAVE_SYS_TYPES_H 1
| #define HAVE_TERMIOS_H 1
| #define HAVE_TIME_H 1
| #define HAVE_UNISTD_H 1
| /* end confdefs.h.  */
| 
| int
| main (void)
| {
| (void) strchr;
|   ;
|   return 0;
| }
configure:14362: gcc -c -g -O2   conftest.c >&5
configure:14362: $? = 0
configure:14379: result: none needed
configure:14393: checking whether __CYGWIN__ is declared
configure:14393: gcc -c -g -O2   conftest.c >&5
conftest.c: In function 'main':
conftest.c:91:10: error: '__CYGWIN__' undeclared (first use in this function)
   91 |   (void) __CYGWIN__;
      |          ^~~~~~~~~~
conftest.c:91:10: note: each undeclared identifier is reported only once for each function it appears in
configure:14393: $? = 1
configure: failed program was:
| /* confdefs.h */
| #define PACKAGE_NAME "libmodbus"
| #define PACKAGE_TARNAME "libmodbus"
| #define PACKAGE_VERSION "3.1.4"
| #define PACKAGE_STRING "libmodbus 3.1.4"
| #define PACKAGE_BUGREPORT "https://github.com/stephane/libmodbus/issues"
| #define PACKAGE_URL "http://libmodbus.org/"
| #define PACKAGE "libmodbus"
| #define VERSION "3.1.4"
| #define HAVE_STDIO_H 1
| #define HAVE_STDLIB_H 1
| #define HAVE_STRING_H 1
| #define HAVE_INTTYPES_H 1
| #define HAVE_STDINT_H 1
| #define HAVE_STRINGS_H 1
| #define HAVE_SYS_STAT_H 1
| #define HAVE_SYS_TYPES_H 1
| #define HAVE_UNISTD_H 1
| #define HAVE_WCHAR_H 1
| #define STDC_HEADERS 1
| #define _ALL_SOURCE 1
| #define _DARWIN_C_SOURCE 1
| #define _GNU_SOURCE 1
| #define _HPUX_ALT_XOPEN_SOCKET_API 1
| #define _NETBSD_SOURCE 1
| #define _OPENBSD_SOURCE 1
| #define _POSIX_PTHREAD_SEMANTICS 1
| #define __STDC_WANT_IEC_60559_ATTRIBS_EXT__ 1
| #define __STDC_WANT_IEC_60559_BFP_EXT__ 1
| #define __STDC_WANT_IEC_60559_DFP_EXT__ 1
| #define __STDC_WANT_IEC_60559_FUNCS_EXT__ 1
| #define __STDC_WANT_IEC_60559_TYPES_EXT__ 1
| #define __STDC_WANT_LIB_EXT2__ 1
| #define __STDC_WANT_MATH_SPEC_FUNCS__ 1
| #define _TANDEM_SOURCE 1
| #define __EXTENSIONS__ 1
| #define HAVE_DLFCN_H 1
| #define LT_OBJDIR ".libs/"
| #define HAVE_ARPA_INET_H 1
| #define HAVE_BYTESWAP_H 1
| #define HAVE_ERRNO_H 1
| #define HAVE_FCNTL_H 1
| #define HAVE_LIMITS_H 1
| #define HAVE_LINUX_SERIAL_H 1
| #define HAVE_NETDB_H 1
| #define HAVE_NETINET_IN_H 1
| #define HAVE_NETINET_TCP_H 1
| #define HAVE_SYS_IOCTL_H 1
| #define HAVE_SYS_SOCKET_H 1
| #define HAVE_SYS_TIME_H 1
| #define HAVE_SYS_TYPES_H 1
| #define HAVE_TERMIOS_H 1
| #define HAVE_TIME_H 1
| #define HAVE_UNISTD_H 1
| /* end confdefs.h.  */
| #include <stddef.h>
| #ifdef HAVE_STDIO_H
| # include <stdio.h>
| #endif
| #ifdef HAVE_STDLIB_H
| # include <stdlib.h>
| #endif
| #ifdef HAVE_STRING_H
| # include <string.h>
| #endif
| #ifdef HAVE_INTTYPES_H
| # include <inttypes.h>
| #endif
| #ifdef HAVE_STDINT_H
| # include <stdint.h>
| #endif
| #ifdef HAVE_STRINGS_H
| # include <strings.h>
| #endif
| #ifdef HAVE_SYS_TYPES_H
| # include <sys/types.h>
| #endif
| #ifdef HAVE_SYS_STAT_H
| # include <sys/stat.h>
| #endif
| #ifdef HAVE_UNISTD_H
| # include <unistd.h>
| #endif
| int
| main (void)
| {
| #ifndef __CYGWIN__
| #ifdef __cplusplus
|   (void) __CYGWIN__;
| #else
|   (void) __CYGWIN__;
| #endif
| #endif
| 
|   ;
|   return 0;
| }
configure:14393: result: no
configure:14405: checking for pid_t
configure:14405: gcc -c -g -O2  conftest.c >&5
configure:14405: $? = 0
configure:14405: gcc -c -g -O2  conftest.c >&5
conftest.c: In function 'main':
conftest.c:89:20: error: expected expression before ')' token
   89 | if (sizeof ((pid_t)))
      |                    ^
configure:14405: $? = 1
configure: failed program was:
| /* confdefs.h */
| #define PACKAGE_NAME "libmodbus"
| #define PACKAGE_TARNAME "libmodbus"
| #define PACKAGE_VERSION "3.1.4"
| #define PACKAGE_STRING "libmodbus 3.1.4"
| #define PACKAGE_BUGREPORT "https://github.com/stephane/libmodbus/issues"
| #define PACKAGE_URL "http://libmodbus.org/"
| #define PACKAGE "libmodbus"
| #define VERSION "3.1.4"
| #define HAVE_STDIO_H 1
| #define HAVE_STDLIB_H 1
| #define HAVE_STRING_H 1
| #define HAVE_INTTYPES_H 1
| #define HAVE_STDINT_H 1
| #define HAVE_STRINGS_H 1
| #define HAVE_SYS_STAT_H 1
| #define HAVE_SYS_TYPES_H 1
| #define HAVE_UNISTD_H 1
| #define HAVE_WCHAR_H 1
| #define STDC_HEADERS 1
| #define _ALL_SOURCE 1
| #define _DARWIN_C_SOURCE 1
| #define _GNU_SOURCE 1
| #define _HPUX_ALT_XOPEN_SOCKET_API 1
| #define _NETBSD_SOURCE 1
| #define _OPENBSD_SOURCE 1
| #define _POSIX_PTHREAD_SEMANTICS 1
| #define __STDC_WANT_IEC_60559_ATTRIBS_EXT__ 1
| #define __STDC_WANT_IEC_60559_BFP_EXT__ 1
| #define __STDC_WANT_IEC_60559_DFP_EXT__ 1
| #define __STDC_WANT_IEC_60559_FUNCS_EXT__ 1
| #define __STDC_WANT_IEC_60559_TYPES_EXT__ 1
| #define __STDC_WANT_LIB_EXT2__ 1
| #define __STDC_WANT_MATH_SPEC_FUNCS__ 1
| #define _TANDEM_SOURCE 1
| #define __EXTENSIONS__ 1
| #define HAVE_DLFCN_H 1
| #define LT_OBJDIR ".libs/"
| #define HAVE_ARPA_INET_H 1
| #define HAVE_BYTESWAP_H 1
| #define HAVE_ERRNO_H 1
| #define HAVE_FCNTL_H 1
| #define HAVE_LIMITS_H 1
| #define HAVE_LINUX_SERIAL_H 1
| #define HAVE_NETDB_H 1
| #define HAVE_NETINET_IN_H 1
| #define HAVE_NETINET_TCP_H 1
| #define HAVE_SYS_IOCTL_H 1
| #define HAVE_SYS_SOCKET_H 1
| #define HAVE_SYS_TIME_H 1
| #define HAVE_SYS_TYPES_H 1
| #define HAVE_TERMIOS_H 1
| #define HAVE_TIME_H 1
| #define HAVE_UNISTD_H 1
| #define HAVE_DECL___CYGWIN__ 0
| /* end confdefs.h.  */
| #include <stddef.h>
| #ifdef HAVE_STDIO_H
| # include <stdio.h>
| #endif
| #ifdef HAVE_STDLIB_H
| # include <stdlib.h>
| #endif
| #ifdef HAVE_STRING_H
| # include <string.h>
| #endif
| #ifdef HAVE_INTTYPES_H
| # include <inttypes.h>
| #endif
| #ifdef HAVE_STDINT_H
| # include <stdint.h>
| #endif
| #ifdef HAVE_STRINGS_H
| # include <strings.h>
| #endif
| #ifdef HAVE_SYS_TYPES_H
| # include <sys/types.h>
| #endif
| #ifdef HAVE_SYS_STAT_H
| # include <sys/stat.h>
| #endif
| #ifdef HAVE_UNISTD_H
| # include <unistd.h>
| #endif
| 
| int
| main (void)
| {
| if (sizeof ((pid_t)))
| 	    return 0;
|   ;
|   return 0;
| }
configure:14405: result: yes
configure:14446: checking for fork
configure:14446: gcc -o conftest -g -O2   conftest.c  >&5
conftest.c:73:6: warning: conflicting types for built-in function 'fork'; expected 'int(void)' [-Wbuiltin-declaration-mismatch]
   73 | char fork ();
      |      ^~~~
configure:14446: $? = 0
configure:14446: result: yes
configure:14446: checking for vfork
configure:14446: gcc -o conftest -g -O2   conftest.c  >&5
configure:14446: $? = 0
configure:14446: result: yes
configure:14459: checking for working fork
configure:14483: gcc -o conftest -g -O2   conftest.c  >&5
configure:14483: $? = 0
configure:14483: ./conftest
configure:14483: $? = 0
configure:14494: result: yes
configure:14515: checking for working vfork
configure:14644: result: yes
configure:14669: checking for GNU libc compatible malloc
configure:14701: gcc -o conftest -g -O2   conftest.c  >&5
configure:14701: $? = 0
configure:14701: ./conftest
configure:14701: $? = 0
configure:14712: result: yes
configure:14734: checking for accept4
configure:14734: gcc -o conftest -g -O2   conftest.c  >&5
configure:14734: $? = 0
configure:14734: result: yes
configure:14740: checking for getaddrinfo
configure:14740: gcc -o conftest -g -O2   conftest.c  >&5
configure:14740: $? = 0
configure:14740: result: yes
configure:14746: checking for gettimeofday
configure:14746: gcc -o conftest -g -O2   conftest.c  >&5
configure:14746: $? = 0
configure:14746: result: yes
configure:14752: checking for inet_ntoa
configure:14752: gcc -o conftest -g -O2   conftest.c  >&5
configure:14752: $? = 0
configure:14752: result: yes
configure:14758: checking for memset
configure:14758: gcc -o conftest -g -O2   conftest.c  >&5
conftest.c:82:6: warning: conflicting types for built-in function 'memset'; expected 'void *(void *, int,  long unsigned int)' [-Wbuiltin-declaration-mismatch]
   82 | char memset ();
      |      ^~~~~~
conftest.c:74:1: note: 'memset' is declared in header '<string.h>'
   73 | #include <limits.h>
   74 | #undef memset
configure:14758: $? = 0
configure:14758: result: yes
configure:14764: checking for select
configure:14764: gcc -o conftest -g -O2   conftest.c  >&5
configure:14764: $? = 0
configure:14764: result: yes
configure:14770: checking for socket
configure:14770: gcc -o conftest -g -O2   conftest.c  >&5
configure:14770: $? = 0
configure:14770: result: yes
configure:14776: checking for strerror
configure:14776: gcc -o conftest -g -O2   conftest.c  >&5
configure:14776: $? = 0
configure:14776: result: yes
configure:14782: checking for strlcpy
configure:14782: gcc -o conftest -g -O2   conftest.c  >&5
/usr/bin/ld: /tmp/ccwA9p2u.o: in function `main':
/home/ambitecs/proj/procont/src/procont-ex/utils/libmodbus_src/conftest.c:97: undefined reference to `strlcpy'
collect2: error: ld returned 1 exit status
configure:14782: $? = 1
configure: failed program was:
| /* confdefs.h */
| #define PACKAGE_NAME "libmodbus"
| #define PACKAGE_TARNAME "libmodbus"
| #define PACKAGE_VERSION "3.1.4"
| #define PACKAGE_STRING "libmodbus 3.1.4"
| #define PACKAGE_BUGREPORT "https://github.com/stephane/libmodbus/issues"
| #define PACKAGE_URL "http://libmodbus.org/"
| #define PACKAGE "libmodbus"
| #define VERSION "3.1.4"
| #define HAVE_STDIO_H 1
| #define HAVE_STDLIB_H 1
| #define HAVE_STRING_H 1
| #define HAVE_INTTYPES_H 1
| #define HAVE_STDINT_H 1
| #define HAVE_STRINGS_H 1
| #define HAVE_SYS_STAT_H 1
| #define HAVE_SYS_TYPES_H 1
| #define HAVE_UNISTD_H 1
| #define HAVE_WCHAR_H 1
| #define STDC_HEADERS 1
| #define _ALL_SOURCE 1
| #define _DARWIN_C_SOURCE 1
| #define _GNU_SOURCE 1
| #define _HPUX_ALT_XOPEN_SOCKET_API 1
| #define _NETBSD_SOURCE 1
| #define _OPENBSD_SOURCE 1
| #define _POSIX_PTHREAD_SEMANTICS 1
| #define __STDC_WANT_IEC_60559_ATTRIBS_EXT__ 1
| #define __STDC_WANT_IEC_60559_BFP_EXT__ 1
| #define __STDC_WANT_IEC_60559_DFP_EXT__ 1
| #define __STDC_WANT_IEC_60559_FUNCS_EXT__ 1
| #define __STDC_WANT_IEC_60559_TYPES_EXT__ 1
| #define __STDC_WANT_LIB_EXT2__ 1
| #define __STDC_WANT_MATH_SPEC_FUNCS__ 1
| #define _TANDEM_SOURCE 1
| #define __EXTENSIONS__ 1
| #define HAVE_DLFCN_H 1
| #define LT_OBJDIR ".libs/"
| #define HAVE_ARPA_INET_H 1
| #define HAVE_BYTESWAP_H 1
| #define HAVE_ERRNO_H 1
| #define HAVE_FCNTL_H 1
| #define HAVE_LIMITS_H 1
| #define HAVE_LINUX_SERIAL_H 1
| #define HAVE_NETDB_H 1
| #define HAVE_NETINET_IN_H 1
| #define HAVE_NETINET_TCP_H 1
| #define HAVE_SYS_IOCTL_H 1
| #define HAVE_SYS_SOCKET_H 1
| #define HAVE_SYS_TIME_H 1
| #define HAVE_SYS_TYPES_H 1
| #define HAVE_TERMIOS_H 1
| #define HAVE_TIME_H 1
| #define HAVE_UNISTD_H 1
| #define HAVE_DECL___CYGWIN__ 0
| #define HAVE_FORK 1
| #define HAVE_VFORK 1
| #define HAVE_WORKING_VFORK 1
| #define HAVE_WORKING_FORK 1
| #define HAVE_MALLOC 1
| #define HAVE_ACCEPT4 1
| #define HAVE_GETADDRINFO 1
| #define HAVE_GETTIMEOFDAY 1
| #define HAVE_INET_NTOA 1
| #define HAVE_MEMSET 1
| #define HAVE_SELECT 1
| #define HAVE_SOCKET 1
| #define HAVE_STRERROR 1
| /* end confdefs.h.  */
| /* Define strlcpy to an innocuous variant, in case <limits.h> declares strlcpy.
|    For example, HP-UX 11i <limits.h> declares gettimeofday.  */
| #define strlcpy innocuous_strlcpy
| 
| /* System header to define __stub macros and hopefully few prototypes,
|    which can conflict with char strlcpy (); below.  */
| 
| #include <limits.h>
| #undef strlcpy
| 
| /* Override any GCC internal prototype to avoid an error.
|    Use char because int might match the return type of a GCC
|    builtin and then its argument prototype would still apply.  */
| #ifdef __cplusplus
| extern "C"
| #endif
| char strlcpy ();
| /* The GNU C library defines this for functions which it implements
|     to always fail with ENOSYS.  Some functions are actually named
|     something starting with __ and the normal name is an alias.  */
| #if defined __stub_strlcpy || defined __stub___strlcpy
| choke me
| #endif
| 
| int
| main (void)
| {
| return strlcpy ();
|   ;
|   return 0;
| }
configure:14782: result: no
configure:14796: checking for inline
configure:14813: gcc -c -g -O2  conftest.c >&5
configure:14813: $? = 0
configure:14822: result: inline
configure:14911: checking for g++
configure:14932: found /usr/bin/g++
configure:14943: result: g++
configure:14970: checking for C++ compiler version
configure:14979: g++ --version >&5
g++ (Astra 12.2.0-14.astra3) 12.2.0
Copyright (C) 2022 Free Software Foundation, Inc.
This is free software; see the source for copying conditions.  There is NO
warranty; not even for MERCHANTABILITY or FITNESS FOR A PARTICULAR PURPOSE.

configure:14990: $? = 0
configure:14979: g++ -v >&5
Using built-in specs.
COLLECT_GCC=g++
COLLECT_LTO_WRAPPER=/usr/lib/gcc/x86_64-linux-gnu/12/lto-wrapper
OFFLOAD_TARGET_NAMES=nvptx-none:amdgcn-amdhsa
OFFLOAD_TARGET_DEFAULT=1
Target: x86_64-linux-gnu
Configured with: ../src/configure -v --with-pkgversion='Astra 12.2.0-14.astra3' --with-bugurl=file:///usr/share/doc/gcc-12/README.Bugs --enable-languages=c,ada,c++,go,d,fortran,objc,obj-c++,m2 --prefix=/usr --with-gcc-major-version-only --program-suffix=-12 --program-prefix=x86_64-linux-gnu- --enable-shared --enable-linker-build-id --libexecdir=/usr/lib --without-included-gettext --enable-threads=posix --libdir=/usr/lib --enable-nls --enable-clocale=gnu --enable-libstdcxx-debug --enable-libstdcxx-time=yes --with-default-libstdcxx-abi=new --enable-gnu-unique-object --disable-vtable-verify --enable-plugin --enable-default-pie --with-system-zlib --enable-libphobos-checking=release --with-target-system-zlib=auto --enable-objc-gc=auto --enable-multiarch --disable-werror --enable-cet --with-arch-32=i686 --with-abi=m64 --with-multilib-list=m32,m64,mx32 --enable-multilib --with-tune=generic --enable-offload-targets=nvptx-none=/builds/AstraOS/buildsystem/tbs_build/gcc-12/gcc-12-12.2.0/debian/tmp-nvptx/usr,amdgcn-amdhsa=/builds/AstraOS/buildsystem/tbs_build/gcc-12/gcc-12-12.2.0/debian/tmp-gcn/usr --enable-offload-defaulted --without-cuda-driver --enable-checking=release --build=x86_64-linux-gnu --host=x86_64-linux-gnu --target=x86_64-linux-gnu
Thread model: posix
Supported LTO compression algorithms: zlib zstd
gcc version 12.2.0 (Astra 12.2.0-14.astra3) 
... rest of stderr output deleted ...
configure:14990: $? = 0
configure:14979: g++ -V >&5
g++: error: unrecognized command-line option '-V'
g++: fatal error: no input files
compilation terminated.
configure:14990: $? = 1
configure:14979: g++ -qversion >&5
g++: error: unrecognized command-line option '-qversion'; did you mean '--version'?
g++: fatal error: no input files
compilation terminated.
configure:14990: $? = 1
configure:14994: checking whether the compiler supports GNU C++
configure:15014: g++ -c   conftest.cpp >&5
configure:15014: $? = 0
configure:15024: result: yes
configure:15035: checking whether g++ accepts -g
configure:15056: g++ -c -g  conftest.cpp >&5
configure:15056: $? = 0
configure:15100: result: yes
configure:15120: checking for g++ option to enable C++11 features
configure:15135: g++  -c -g -O2  conftest.cpp >&5
conftest.cpp: In function 'int main(int, char**)':
conftest.cpp:237:25: warning: empty parentheses were disambiguated as a function declaration [-Wvexing-parse]
  237 |   cxx11test::delegate d2();
      |                         ^~
conftest.cpp:237:25: note: remove parentheses to default-initialize a variable
  237 |   cxx11test::delegate d2();
      |                         ^~
      |                         --
conftest.cpp:237:25: note: or replace parentheses with braces to value-initialize a variable
configure:15135: $? = 0
configure:15153: result: none needed
configure:15219: checking dependency style of g++
configure:15331: result: gcc3
configure:15364: checking how to run the C++ preprocessor
configure:15386: g++ -E  conftest.cpp
configure:15386: $? = 0
configure:15401: g++ -E  conftest.cpp
conftest.cpp:71:10: fatal error: ac_nonexistent.h: No such file or directory
   71 | #include <ac_nonexistent.h>
      |          ^~~~~~~~~~~~~~~~~~
compilation terminated.
configure:15401: $? = 1
configure: failed program was:
| /* confdefs.h */
| #define PACKAGE_NAME "libmodbus"
| #define PACKAGE_TARNAME "libmodbus"
| #define PACKAGE_VERSION "3.1.4"
| #define PACKAGE_STRING "libmodbus 3.1.4"
| #define PACKAGE_BUGREPORT "https://github.com/stephane/libmodbus/issues"
| #define PACKAGE_URL "http://libmodbus.org/"
| #define PACKAGE "libmodbus"
| #define VERSION "3.1.4"
| #define HAVE_STDIO_H 1
| #define HAVE_STDLIB_H 1
| #define HAVE_STRING_H 1
| #define HAVE_INTTYPES_H 1
| #define HAVE_STDINT_H 1
| #define HAVE_STRINGS_H 1
| #define HAVE_SYS_STAT_H 1
| #define HAVE_SYS_TYPES_H 1
| #define HAVE_UNISTD_H 1
| #define HAVE_WCHAR_H 1
| #define STDC_HEADERS 1
| #define _ALL_SOURCE 1
| #define _DARWIN_C_SOURCE 1
| #define _GNU_SOURCE 1
| #define _HPUX_ALT_XOPEN_SOCKET_API 1
| #define _NETBSD_SOURCE 1
| #define _OPENBSD_SOURCE 1
| #define _POSIX_PTHREAD_SEMANTICS 1
| #define __STDC_WANT_IEC_60559_ATTRIBS_EXT__ 1
| #define __STDC_WANT_IEC_60559_BFP_EXT__ 1
| #define __STDC_WANT_IEC_60559_DFP_EXT__ 1
| #define __STDC_WANT_IEC_60559_FUNCS_EXT__ 1
| #define __STDC_WANT_IEC_60559_TYPES_EXT__ 1
| #define __STDC_WANT_LIB_EXT2__ 1
| #define __STDC_WANT_MATH_SPEC_FUNCS__ 1
| #define _TANDEM_SOURCE 1
| #define __EXTENSIONS__ 1
| #define HAVE_DLFCN_H 1
| #define LT_OBJDIR ".libs/"
| #define HAVE_ARPA_INET_H 1
| #define HAVE_BYTESWAP_H 1
| #define HAVE_ERRNO_H 1
| #define HAVE_FCNTL_H 1
| #define HAVE_LIMITS_H 1
| #define HAVE_LINUX_SERIAL_H 1
| #define HAVE_NETDB_H 1
| #define HAVE_NETINET_IN_H 1
| #define HAVE_NETINET_TCP_H 1
| #define HAVE_SYS_IOCTL_H 1
| #define HAVE_SYS_SOCKET_H 1
| #define HAVE_SYS_TIME_H 1
| #define HAVE_SYS_TYPES_H 1
| #define HAVE_TERMIOS_H 1
| #define HAVE_TIME_H 1
| #define HAVE_UNISTD_H 1
| #define HAVE_DECL___CYGWIN__ 0
| #define HAVE_FORK 1
| #define HAVE_VFORK 1
| #define HAVE_WORKING_VFORK 1
| #define HAVE_WORKING_FORK 1
| #define HAVE_MALLOC 1
| #define HAVE_ACCEPT4 1
| #define HAVE_GETADDRINFO 1
| #define HAVE_GETTIMEOFDAY 1
| #define HAVE_INET_NTOA 1
| #define HAVE_MEMSET 1
| #define HAVE_SELECT 1
| #define HAVE_SOCKET 1
| #define HAVE_STRERROR 1
| #define WINVER 0x0501
| /* end confdefs.h.  */
| #include <ac_nonexistent.h>
configure:15428: result: g++ -E
configure:15442: g++ -E  conftest.cpp
configure:15442: $? = 0
configure:15457: g++ -E  conftest.cpp
conftest.cpp:71:10: fatal error: ac_nonexistent.h: No such file or directory
   71 | #include <ac_nonexistent.h>
      |          ^~~~~~~~~~~~~~~~~~
compilation terminated.
configure:15457: $? = 1
configure: failed program was:
| /* confdefs.h */
| #define PACKAGE_NAME "libmodbus"
| #define PACKAGE_TARNAME "libmodbus"
| #define PACKAGE_VERSION "3.1.4"
| #define PACKAGE_STRING "libmodbus 3.1.4"
| #define PACKAGE_BUGREPORT "https://github.com/stephane/libmodbus/issues"
| #define PACKAGE_URL "http://libmodbus.org/"
| #define PACKAGE "libmodbus"
| #define VERSION "3.1.4"
| #define HAVE_STDIO_H 1
| #define HAVE_STDLIB_H 1
| #define HAVE_STRING_H 1
| #define HAVE_INTTYPES_H 1
| #define HAVE_STDINT_H 1
| #define HAVE_STRINGS_H 1
| #define HAVE_SYS_STAT_H 1
| #define HAVE_SYS_TYPES_H 1
| #define HAVE_UNISTD_H 1
| #define HAVE_WCHAR_H 1
| #define STDC_HEADERS 1
| #define _ALL_SOURCE 1
| #define _DARWIN_C_SOURCE 1
| #define _GNU_SOURCE 1
| #define _HPUX_ALT_XOPEN_SOCKET_API 1
| #define _NETBSD_SOURCE 1
| #define _OPENBSD_SOURCE 1
| #define _POSIX_PTHREAD_SEMANTICS 1
| #define __STDC_WANT_IEC_60559_ATTRIBS_EXT__ 1
| #define __STDC_WANT_IEC_60559_BFP_EXT__ 1
| #define __STDC_WANT_IEC_60559_DFP_EXT__ 1
| #define __STDC_WANT_IEC_60559_FUNCS_EXT__ 1
| #define __STDC_WANT_IEC_60559_TYPES_EXT__ 1
| #define __STDC_WANT_LIB_EXT2__ 1
| #define __STDC_WANT_MATH_SPEC_FUNCS__ 1
| #define _TANDEM_SOURCE 1
| #define __EXTENSIONS__ 1
| #define HAVE_DLFCN_H 1
| #define LT_OBJDIR ".libs/"
| #define HAVE_ARPA_INET_H 1
| #define HAVE_BYTESWAP_H 1
| #define HAVE_ERRNO_H 1
| #define HAVE_FCNTL_H 1
| #define HAVE_LIMITS_H 1
| #define HAVE_LINUX_SERIAL_H 1
| #define HAVE_NETDB_H 1
| #define HAVE_NETINET_IN_H 1
| #define HAVE_NETINET_TCP_H 1
| #define HAVE_SYS_IOCTL_H 1
| #define HAVE_SYS_SOCKET_H 1
| #define HAVE_SYS_TIME_H 1
| #define HAVE_SYS_TYPES_H 1
| #define HAVE_TERMIOS_H 1
| #define HAVE_TIME_H 1
| #define HAVE_UNISTD_H 1
| #define HAVE_DECL___CYGWIN__ 0
| #define HAVE_FORK 1
| #define HAVE_VFORK 1
| #define HAVE_WORKING_VFORK 1
| #define HAVE_WORKING_FORK 1
| #define HAVE_MALLOC 1
| #define HAVE_ACCEPT4 1
| #define HAVE_GETADDRINFO 1
| #define HAVE_GETTIMEOFDAY 1
| #define HAVE_INET_NTOA 1
| #define HAVE_MEMSET 1
| #define HAVE_SELECT 1
| #define HAVE_SOCKET 1
| #define HAVE_STRERROR 1
| #define WINVER 0x0501
| /* end confdefs.h.  */
| #include <ac_nonexistent.h>
configure:15622: checking for ld used by g++
configure:15690: result: /usr/bin/ld -m elf_x86_64
configure:15697: checking if the linker (/usr/bin/ld -m elf_x86_64) is GNU ld
configure:15713: result: yes
configure:15768: checking whether the g++ linker (/usr/bin/ld -m elf_x86_64) supports shared libraries
configure:16846: result: yes
configure:16882: g++ -c -g -O2  conftest.cpp >&5
configure:16885: $? = 0
configure:17366: checking for g++ option to produce PIC
configure:17374: result: -fPIC -DPIC
configure:17382: checking if g++ PIC flag -fPIC -DPIC works
configure:17401: g++ -c -g -O2  -fPIC -DPIC -DPIC conftest.cpp >&5
configure:17405: $? = 0
configure:17418: result: yes
configure:17441: checking if g++ static flag -static works
configure:17470: result: yes
configure:17482: checking if g++ supports -c -o file.o
configure:17504: g++ -c -g -O2  -o out/conftest2.o conftest.cpp >&5
configure:17508: $? = 0
configure:17530: result: yes
configure:17535: checking if g++ supports -c -o file.o
configure:17583: result: yes
configure:17613: checking whether the g++ linker (/usr/bin/ld -m elf_x86_64) supports shared libraries
configure:17656: result: yes
configure:17798: checking dynamic linker characteristics
configure:18558: result: GNU/Linux ld.so
configure:18623: checking how to hardcode library paths into programs
configure:18648: result: immediate
configure:18690: checking for int64_t
configure:18690: gcc -c -g -O2  conftest.c >&5
configure:18690: $? = 0
configure:18690: gcc -c -g -O2  conftest.c >&5
conftest.c: In function 'main':
conftest.c:104:67: warning: integer overflow in expression of type 'long int' results in '-9223372036854775808' [-Woverflow]
  104 |                  < (int64_t) (((((int64_t) 1 << N) << N) - 1) * 2 + 2))];
      |                                                                   ^
conftest.c:103:12: error: storage size of 'test_array' isn't constant
  103 | static int test_array [1 - 2 * !((int64_t) (((((int64_t) 1 << N) << N) - 1) * 2 + 1)
      |            ^~~~~~~~~~
configure:18690: $? = 1
configure: failed program was:
| /* confdefs.h */
| #define PACKAGE_NAME "libmodbus"
| #define PACKAGE_TARNAME "libmodbus"
| #define PACKAGE_VERSION "3.1.4"
| #define PACKAGE_STRING "libmodbus 3.1.4"
| #define PACKAGE_BUGREPORT "https://github.com/stephane/libmodbus/issues"
| #define PACKAGE_URL "http://libmodbus.org/"
| #define PACKAGE "libmodbus"
| #define VERSION "3.1.4"
| #define HAVE_STDIO_H 1
| #define HAVE_STDLIB_H 1
| #define HAVE_STRING_H 1
| #define HAVE_INTTYPES_H 1
| #define HAVE_STDINT_H 1
| #define HAVE_STRINGS_H 1
| #define HAVE_SYS_STAT_H 1
| #define HAVE_SYS_TYPES_H 1
| #define HAVE_UNISTD_H 1
| #define HAVE_WCHAR_H 1
| #define STDC_HEADERS 1
| #define _ALL_SOURCE 1
| #define _DARWIN_C_SOURCE 1
| #define _GNU_SOURCE 1
| #define _HPUX_ALT_XOPEN_SOCKET_API 1
| #define _NETBSD_SOURCE 1
| #define _OPENBSD_SOURCE 1
| #define _POSIX_PTHREAD_SEMANTICS 1
| #define __STDC_WANT_IEC_60559_ATTRIBS_EXT__ 1
| #define __STDC_WANT_IEC_60559_BFP_EXT__ 1
| #define __STDC_WANT_IEC_60559_DFP_EXT__ 1
| #define __STDC_WANT_IEC_60559_FUNCS_EXT__ 1
| #define __STDC_WANT_IEC_60559_TYPES_EXT__ 1
| #define __STDC_WANT_LIB_EXT2__ 1
| #define __STDC_WANT_MATH_SPEC_FUNCS__ 1
| #define _TANDEM_SOURCE 1
| #define __EXTENSIONS__ 1
| #define HAVE_DLFCN_H 1
| #define LT_OBJDIR ".libs/"
| #define HAVE_ARPA_INET_H 1
| #define HAVE_BYTESWAP_H 1
| #define HAVE_ERRNO_H 1
| #define HAVE_FCNTL_H 1
| #define HAVE_LIMITS_H 1
| #define HAVE_LINUX_SERIAL_H 1
| #define HAVE_NETDB_H 1
| #define HAVE_NETINET_IN_H 1
| #define HAVE_NETINET_TCP_H 1
| #define HAVE_SYS_IOCTL_H 1
| #define HAVE_SYS_SOCKET_H 1
| #define HAVE_SYS_TIME_H 1
| #define HAVE_SYS_TYPES_H 1
| #define HAVE_TERMIOS_H 1
| #define HAVE_TIME_H 1
| #define HAVE_UNISTD_H 1
| #define HAVE_DECL___CYGWIN__ 0
| #define HAVE_FORK 1
| #define HAVE_VFORK 1
| #define HAVE_WORKING_VFORK 1
| #define HAVE_WORKING_FORK 1
| #define HAVE_MALLOC 1
| #define HAVE_ACCEPT4 1
| #define HAVE_GETADDRINFO 1
| #define HAVE_GETTIMEOFDAY 1
| #define HAVE_INET_NTOA 1
| #define HAVE_MEMSET 1
| #define HAVE_SELECT 1
| #define HAVE_SOCKET 1
| #define HAVE_STRERROR 1
| #define WINVER 0x0501
| /* end confdefs.h.  */
| #include <stddef.h>
| #ifdef HAVE_STDIO_H
| # include <stdio.h>
| #endif
| #ifdef HAVE_STDLIB_H
| # include <stdlib.h>
| #endif
| #ifdef HAVE_STRING_H
| # include <string.h>
| #endif
| #ifdef HAVE_INTTYPES_H
| # include <inttypes.h>
| #endif
| #ifdef HAVE_STDINT_H
| # include <stdint.h>
| #endif
| #ifdef HAVE_STRINGS_H
| # include <strings.h>
| #endif
| #ifdef HAVE_SYS_TYPES_H
| # include <sys/types.h>
| #endif
| #ifdef HAVE_SYS_STAT_H
| # include <sys/stat.h>
| #endif
| #ifdef HAVE_UNISTD_H
| # include <unistd.h>
| #endif
| 	        enum { N = 64 / 2 - 1 };
| int
| main (void)
| {
| static int test_array [1 - 2 * !((int64_t) (((((int64_t) 1 << N) << N) - 1) * 2 + 1)
| 		 < (int64_t) (((((int64_t) 1 << N) << N) - 1) * 2 + 2))];
| test_array [0] = 0;
| return test_array [0];
| 
|   ;
|   return 0;
| }
configure:18690: result: yes
configure:18699: checking for size_t
configure:18699: gcc -c -g -O2  conftest.c >&5
configure:18699: $? = 0
configure:18699: gcc -c -g -O2  conftest.c >&5
conftest.c: In function 'main':
conftest.c:102:21: error: expected expression before ')' token
  102 | if (sizeof ((size_t)))
      |                     ^
configure:18699: $? = 1
configure: failed program was:
| /* confdefs.h */
| #define PACKAGE_NAME "libmodbus"
| #define PACKAGE_TARNAME "libmodbus"
| #define PACKAGE_VERSION "3.1.4"
| #define PACKAGE_STRING "libmodbus 3.1.4"
| #define PACKAGE_BUGREPORT "https://github.com/stephane/libmodbus/issues"
| #define PACKAGE_URL "http://libmodbus.org/"
| #define PACKAGE "libmodbus"
| #define VERSION "3.1.4"
| #define HAVE_STDIO_H 1
| #define HAVE_STDLIB_H 1
| #define HAVE_STRING_H 1
| #define HAVE_INTTYPES_H 1
| #define HAVE_STDINT_H 1
| #define HAVE_STRINGS_H 1
| #define HAVE_SYS_STAT_H 1
| #define HAVE_SYS_TYPES_H 1
| #define HAVE_UNISTD_H 1
| #define HAVE_WCHAR_H 1
| #define STDC_HEADERS 1
| #define _ALL_SOURCE 1
| #define _DARWIN_C_SOURCE 1
| #define _GNU_SOURCE 1
| #define _HPUX_ALT_XOPEN_SOCKET_API 1
| #define _NETBSD_SOURCE 1
| #define _OPENBSD_SOURCE 1
| #define _POSIX_PTHREAD_SEMANTICS 1
| #define __STDC_WANT_IEC_60559_ATTRIBS_EXT__ 1
| #define __STDC_WANT_IEC_60559_BFP_EXT__ 1
| #define __STDC_WANT_IEC_60559_DFP_EXT__ 1
| #define __STDC_WANT_IEC_60559_FUNCS_EXT__ 1
| #define __STDC_WANT_IEC_60559_TYPES_EXT__ 1
| #define __STDC_WANT_LIB_EXT2__ 1
| #define __STDC_WANT_MATH_SPEC_FUNCS__ 1
| #define _TANDEM_SOURCE 1
| #define __EXTENSIONS__ 1
| #define HAVE_DLFCN_H 1
| #define LT_OBJDIR ".libs/"
| #define HAVE_ARPA_INET_H 1
| #define HAVE_BYTESWAP_H 1
| #define HAVE_ERRNO_H 1
| #define HAVE_FCNTL_H 1
| #define HAVE_LIMITS_H 1
| #define HAVE_LINUX_SERIAL_H 1
| #define HAVE_NETDB_H 1
| #define HAVE_NETINET_IN_H 1
| #define HAVE_NETINET_TCP_H 1
| #define HAVE_SYS_IOCTL_H 1
| #define HAVE_SYS_SOCKET_H 1
| #define HAVE_SYS_TIME_H 1
| #define HAVE_SYS_TYPES_H 1
| #define HAVE_TERMIOS_H 1
| #define HAVE_TIME_H 1
| #define HAVE_UNISTD_H 1
| #define HAVE_DECL___CYGWIN__ 0
| #define HAVE_FORK 1
| #define HAVE_VFORK 1
| #define HAVE_WORKING_VFORK 1
| #define HAVE_WORKING_FORK 1
| #define HAVE_MALLOC 1
| #define HAVE_ACCEPT4 1
| #define HAVE_GETADDRINFO 1
| #define HAVE_GETTIMEOFDAY 1
| #define HAVE_INET_NTOA 1
| #define HAVE_MEMSET 1
| #define HAVE_SELECT 1
| #define HAVE_SOCKET 1
| #define HAVE_STRERROR 1
| #define WINVER 0x0501
| /* end confdefs.h.  */
| #include <stddef.h>
| #ifdef HAVE_STDIO_H
| # include <stdio.h>
| #endif
| #ifdef HAVE_STDLIB_H
| # include <stdlib.h>
| #endif
| #ifdef HAVE_STRING_H
| # include <string.h>
| #endif
| #ifdef HAVE_INTTYPES_H
| # include <inttypes.h>
| #endif
| #ifdef HAVE_STDINT_H
| # include <stdint.h>
| #endif
| #ifdef HAVE_STRINGS_H
| # include <strings.h>
| #endif
| #ifdef HAVE_SYS_TYPES_H
| # include <sys/types.h>
| #endif
| #ifdef HAVE_SYS_STAT_H
| # include <sys/stat.h>
| #endif
| #ifdef HAVE_UNISTD_H
| # include <unistd.h>
| #endif
| int
| main (void)
| {
| if (sizeof ((size_t)))
| 	    return 0;
|   ;
|   return 0;
| }
configure:18699: result: yes
configure:18709: checking for ssize_t
configure:18709: gcc -c -g -O2  conftest.c >&5
configure:18709: $? = 0
configure:18709: gcc -c -g -O2  conftest.c >&5
conftest.c: In function 'main':
conftest.c:102:22: error: expected expression before ')' token
  102 | if (sizeof ((ssize_t)))
      |                      ^
configure:18709: $? = 1
configure: failed program was:
| /* confdefs.h */
| #define PACKAGE_NAME "libmodbus"
| #define PACKAGE_TARNAME "libmodbus"
| #define PACKAGE_VERSION "3.1.4"
| #define PACKAGE_STRING "libmodbus 3.1.4"
| #define PACKAGE_BUGREPORT "https://github.com/stephane/libmodbus/issues"
| #define PACKAGE_URL "http://libmodbus.org/"
| #define PACKAGE "libmodbus"
| #define VERSION "3.1.4"
| #define HAVE_STDIO_H 1
| #define HAVE_STDLIB_H 1
| #define HAVE_STRING_H 1
| #define HAVE_INTTYPES_H 1
| #define HAVE_STDINT_H 1
| #define HAVE_STRINGS_H 1
| #define HAVE_SYS_STAT_H 1
| #define HAVE_SYS_TYPES_H 1
| #define HAVE_UNISTD_H 1
| #define HAVE_WCHAR_H 1
| #define STDC_HEADERS 1
| #define _ALL_SOURCE 1
| #define _DARWIN_C_SOURCE 1
| #define _GNU_SOURCE 1
| #define _HPUX_ALT_XOPEN_SOCKET_API 1
| #define _NETBSD_SOURCE 1
| #define _OPENBSD_SOURCE 1
| #define _POSIX_PTHREAD_SEMANTICS 1
| #define __STDC_WANT_IEC_60559_ATTRIBS_EXT__ 1
| #define __STDC_WANT_IEC_60559_BFP_EXT__ 1
| #define __STDC_WANT_IEC_60559_DFP_EXT__ 1
| #define __STDC_WANT_IEC_60559_FUNCS_EXT__ 1
| #define __STDC_WANT_IEC_60559_TYPES_EXT__ 1
| #define __STDC_WANT_LIB_EXT2__ 1
| #define __STDC_WANT_MATH_SPEC_FUNCS__ 1
| #define _TANDEM_SOURCE 1
| #define __EXTENSIONS__ 1
| #define HAVE_DLFCN_H 1
| #define LT_OBJDIR ".libs/"
| #define HAVE_ARPA_INET_H 1
| #define HAVE_BYTESWAP_H 1
| #define HAVE_ERRNO_H 1
| #define HAVE_FCNTL_H 1
| #define HAVE_LIMITS_H 1
| #define HAVE_LINUX_SERIAL_H 1
| #define HAVE_NETDB_H 1
| #define HAVE_NETINET_IN_H 1
| #define HAVE_NETINET_TCP_H 1
| #define HAVE_SYS_IOCTL_H 1
| #define HAVE_SYS_SOCKET_H 1
| #define HAVE_SYS_TIME_H 1
| #define HAVE_SYS_TYPES_H 1
| #define HAVE_TERMIOS_H 1
| #define HAVE_TIME_H 1
| #define HAVE_UNISTD_H 1
| #define HAVE_DECL___CYGWIN__ 0
| #define HAVE_FORK 1
| #define HAVE_VFORK 1
| #define HAVE_WORKING_VFORK 1
| #define HAVE_WORKING_FORK 1
| #define HAVE_MALLOC 1
| #define HAVE_ACCEPT4 1
| #define HAVE_GETADDRINFO 1
| #define HAVE_GETTIMEOFDAY 1
| #define HAVE_INET_NTOA 1
| #define HAVE_MEMSET 1
| #define HAVE_SELECT 1
| #define HAVE_SOCKET 1
| #define HAVE_STRERROR 1
| #define WINVER 0x0501
| /* end confdefs.h.  */
| #include <stddef.h>
| #ifdef HAVE_STDIO_H
| # include <stdio.h>
| #endif
| #ifdef HAVE_STDLIB_H
| # include <stdlib.h>
| #endif
| #ifdef HAVE_STRING_H
| # include <string.h>
| #endif
| #ifdef HAVE_INTTYPES_H
| # include <inttypes.h>
| #endif
| #ifdef HAVE_STDINT_H
| # include <stdint.h>
| #endif
| #ifdef HAVE_STRINGS_H
| # include <strings.h>
| #endif
| #ifdef HAVE_SYS_TYPES_H
| # include <sys/types.h>
| #endif
| #ifdef HAVE_SYS_STAT_H
| # include <sys/stat.h>
| #endif
| #ifdef HAVE_UNISTD_H
| # include <unistd.h>
| #endif
| int
| main (void)
| {
| if (sizeof ((ssize_t)))
| 	    return 0;
|   ;
|   return 0;
| }
configure:18709: result: yes
configure:18719: checking for uint16_t
configure:18719: gcc -c -g -O2  conftest.c >&5
configure:18719: $? = 0
configure:18719: result: yes
configure:18729: checking for uint32_t
configure:18729: gcc -c -g -O2  conftest.c >&5
configure:18729: $? = 0
configure:18729: result: yes
configure:18741: checking for uint8_t
configure:18741: gcc -c -g -O2  conftest.c >&5
configure:18741: $? = 0
configure:18741: result: yes
configure:18758: checking for winsock2.h
configure:18758: gcc -c -g -O2  conftest.c >&5
conftest.c:99:10: fatal error: winsock2.h: No such file or directory
   99 | #include <winsock2.h>
      |          ^~~~~~~~~~~~
compilation terminated.
configure:18758: $? = 1
configure: failed program was:
| /* confdefs.h */
| #define PACKAGE_NAME "libmodbus"
| #define PACKAGE_TARNAME "libmodbus"
| #define PACKAGE_VERSION "3.1.4"
| #define PACKAGE_STRING "libmodbus 3.1.4"
| #define PACKAGE_BUGREPORT "https://github.com/stephane/libmodbus/issues"
| #define PACKAGE_URL "http://libmodbus.org/"
| #define PACKAGE "libmodbus"
| #define VERSION "3.1.4"
| #define HAVE_STDIO_H 1
| #define HAVE_STDLIB_H 1
| #define HAVE_STRING_H 1
| #define HAVE_INTTYPES_H 1
| #define HAVE_STDINT_H 1
| #define HAVE_STRINGS_H 1
| #define HAVE_SYS_STAT_H 1
| #define HAVE_SYS_TYPES_H 1
| #define HAVE_UNISTD_H 1
| #define HAVE_WCHAR_H 1
| #define STDC_HEADERS 1
| #define _ALL_SOURCE 1
| #define _DARWIN_C_SOURCE 1
| #define _GNU_SOURCE 1
| #define _HPUX_ALT_XOPEN_SOCKET_API 1
| #define _NETBSD_SOURCE 1
| #define _OPENBSD_SOURCE 1
| #define _POSIX_PTHREAD_SEMANTICS 1
| #define __STDC_WANT_IEC_60559_ATTRIBS_EXT__ 1
| #define __STDC_WANT_IEC_60559_BFP_EXT__ 1
| #define __STDC_WANT_IEC_60559_DFP_EXT__ 1
| #define __STDC_WANT_IEC_60559_FUNCS_EXT__ 1
| #define __STDC_WANT_IEC_60559_TYPES_EXT__ 1
| #define __STDC_WANT_LIB_EXT2__ 1
| #define __STDC_WANT_MATH_SPEC_FUNCS__ 1
| #define _TANDEM_SOURCE 1
| #define __EXTENSIONS__ 1
| #define HAVE_DLFCN_H 1
| #define LT_OBJDIR ".libs/"
| #define HAVE_ARPA_INET_H 1
| #define HAVE_BYTESWAP_H 1
| #define HAVE_ERRNO_H 1
| #define HAVE_FCNTL_H 1
| #define HAVE_LIMITS_H 1
| #define HAVE_LINUX_SERIAL_H 1
| #define HAVE_NETDB_H 1
| #define HAVE_NETINET_IN_H 1
| #define HAVE_NETINET_TCP_H 1
| #define HAVE_SYS_IOCTL_H 1
| #define HAVE_SYS_SOCKET_H 1
| #define HAVE_SYS_TIME_H 1
| #define HAVE_SYS_TYPES_H 1
| #define HAVE_TERMIOS_H 1
| #define HAVE_TIME_H 1
| #define HAVE_UNISTD_H 1
| #define HAVE_DECL___CYGWIN__ 0
| #define HAVE_FORK 1
| #define HAVE_VFORK 1
| #define HAVE_WORKING_VFORK 1
| #define HAVE_WORKING_FORK 1
| #define HAVE_MALLOC 1
| #define HAVE_ACCEPT4 1
| #define HAVE_GETADDRINFO 1
| #define HAVE_GETTIMEOFDAY 1
| #define HAVE_INET_NTOA 1
| #define HAVE_MEMSET 1
| #define HAVE_SELECT 1
| #define HAVE_SOCKET 1
| #define HAVE_STRERROR 1
| #define WINVER 0x0501
| /* end confdefs.h.  */
| #include <stddef.h>
| #ifdef HAVE_STDIO_H
| # include <stdio.h>
| #endif
| #ifdef HAVE_STDLIB_H
| # include <stdlib.h>
| #endif
| #ifdef HAVE_STRING_H
| # include <string.h>
| #endif
| #ifdef HAVE_INTTYPES_H
| # include <inttypes.h>
| #endif
| #ifdef HAVE_STDINT_H
| # include <stdint.h>
| #endif
| #ifdef HAVE_STRINGS_H
| # include <strings.h>
| #endif
| #ifdef HAVE_SYS_TYPES_H
| # include <sys/types.h>
| #endif
| #ifdef HAVE_SYS_STAT_H
| # include <sys/stat.h>
| #endif
| #ifdef HAVE_UNISTD_H
| # include <unistd.h>
| #endif
| #include <winsock2.h>
configure:18758: result: no
configure:18773: checking whether TIOCSRS485 is declared
configure:18773: gcc -c -g -O2   conftest.c >&5
configure:18773: $? = 0
configure:18773: result: yes
configure:18784: checking whether TIOCM_RTS is declared
configure:18784: gcc -c -g -O2   conftest.c >&5
configure:18784: $? = 0
configure:18784: result: yes
configure:18928: checking that generated files are newer than configure
configure:18934: result: done
configure:18977: creating ./config.status

## ---------------------- ##
## Running config.status. ##
## ---------------------- ##

This file was extended by libmodbus config.status 3.1.4, which was
generated by GNU Autoconf 2.71.  Invocation command line was

  CONFIG_FILES    = 
  CONFIG_HEADERS  = 
  CONFIG_LINKS    = 
  CONFIG_COMMANDS = 
  $ ./config.status 

on astra181

config.status:1222: creating Makefile
config.status:1222: creating src/Makefile
config.status:1222: creating src/modbus-version.h
config.status:1222: creating src/win32/modbus.dll.manifest
config.status:1222: creating tests/Makefile
config.status:1222: creating doc/Makefile
config.status:1222: creating libmodbus.pc
config.status:1222: creating config.h
config.status:1403: config.h is unchanged
config.status:1222: creating tests/unit-test.h
config.status:1403: tests/unit-test.h is unchanged
config.status:1451: executing depfiles commands
config.status:1528: cd src       && sed -e '/# am--include-marker/d' Makefile         | make -f - am--depfiles
make: Nothing to be done for 'am--depfiles'.
config.status:1533: $? = 0
config.status:1528: cd tests       && sed -e '/# am--include-marker/d' Makefile         | make -f - am--depfiles
make: Nothing to be done for 'am--depfiles'.
config.status:1533: $? = 0
config.status:1451: executing libtool commands
configure:21404: result:
        libmodbus 3.1.4
        ===============

        prefix:                 /usr/local
        sysconfdir:             ${prefix}/etc
        libdir:                 ${exec_prefix}/lib
        includedir:             ${prefix}/include

        compiler:               gcc
        cflags:                 -g -O2
        ldflags:                

        documentation:          no
        tests:                  yes


## ---------------- ##
## Cache variables. ##
## ---------------- ##

ac_cv_build=x86_64-pc-linux-gnu
ac_cv_c_compiler_gnu=yes
ac_cv_c_inline=inline
ac_cv_c_int64_t=yes
ac_cv_c_uint16_t=yes
ac_cv_c_uint32_t=yes
ac_cv_c_uint8_t=yes
ac_cv_c_undeclared_builtin_options='none needed'
ac_cv_cxx_compiler_gnu=yes
ac_cv_env_CCC_set=
ac_cv_env_CCC_value=
ac_cv_env_CC_set=
ac_cv_env_CC_value=
ac_cv_env_CFLAGS_set=
ac_cv_env_CFLAGS_value=
ac_cv_env_CPPFLAGS_set=
ac_cv_env_CPPFLAGS_value=
ac_cv_env_CXXCPP_set=
ac_cv_env_CXXCPP_value=
ac_cv_env_CXXFLAGS_set=
ac_cv_env_CXXFLAGS_value=
ac_cv_env_CXX_set=
ac_cv_env_CXX_value=
ac_cv_env_LDFLAGS_set=
ac_cv_env_LDFLAGS_value=
ac_cv_env_LIBS_set=
ac_cv_env_LIBS_value=
ac_cv_env_LT_SYS_LIBRARY_PATH_set=
ac_cv_env_LT_SYS_LIBRARY_PATH_value=
ac_cv_env_build_alias_set=
ac_cv_env_build_alias_value=
ac_cv_env_host_alias_set=
ac_cv_env_host_alias_value=
ac_cv_env_target_alias_set=
ac_cv_env_target_alias_value=
ac_cv_func_accept4=yes
ac_cv_func_fork=yes
ac_cv_func_fork_works=yes
ac_cv_func_getaddrinfo=yes
ac_cv_func_gettimeofday=yes
ac_cv_func_inet_ntoa=yes
ac_cv_func_malloc_0_nonnull=yes
ac_cv_func_memset=yes
ac_cv_func_select=yes
ac_cv_func_socket=yes
ac_cv_func_strerror=yes
ac_cv_func_strlcpy=no
ac_cv_func_vfork=yes
ac_cv_func_vfork_works=yes
ac_cv_have_decl_TIOCM_RTS=yes
ac_cv_have_decl_TIOCSRS485=yes
ac_cv_have_decl___CYGWIN__=no
ac_cv_header_arpa_inet_h=yes
ac_cv_header_byteswap_h=yes
ac_cv_header_dlfcn_h=yes
ac_cv_header_errno_h=yes
ac_cv_header_fcntl_h=yes
ac_cv_header_inttypes_h=yes
ac_cv_header_limits_h=yes
ac_cv_header_linux_serial_h=yes
ac_cv_header_minix_config_h=no
ac_cv_header_netdb_h=yes
ac_cv_header_netinet_in_h=yes
ac_cv_header_netinet_tcp_h=yes
ac_cv_header_stdint_h=yes
ac_cv_header_stdio_h=yes
ac_cv_header_stdlib_h=yes
ac_cv_header_string_h=yes
ac_cv_header_strings_h=yes
ac_cv_header_sys_ioctl_h=yes
ac_cv_header_sys_params_h=no
ac_cv_header_sys_socket_h=yes
ac_cv_header_sys_stat_h=yes
ac_cv_header_sys_time_h=yes
ac_cv_header_sys_types_h=yes
ac_cv_header_termios_h=yes
ac_cv_header_time_h=yes
ac_cv_header_unistd_h=yes
ac_cv_header_vfork_h=no
ac_cv_header_wchar_h=yes
ac_cv_header_winsock2_h=no
ac_cv_host=x86_64-pc-linux-gnu
ac_cv_objext=o
ac_cv_path_EGREP='/usr/bin/grep -E'
ac_cv_path_FGREP='/usr/bin/grep -F'
ac_cv_path_GREP=/usr/bin/grep
ac_cv_path_SED=/usr/bin/sed
ac_cv_path_install='/usr/bin/install -c'
ac_cv_path_lt_DD=/usr/bin/dd
ac_cv_path_mkdir=/usr/bin/mkdir
ac_cv_prog_AWK=gawk
ac_cv_prog_CXXCPP='g++ -E'
ac_cv_prog_ac_ct_AR=ar
ac_cv_prog_ac_ct_CC=gcc
ac_cv_prog_ac_ct_CXX=g++
ac_cv_prog_ac_ct_FILECMD=file
ac_cv_prog_ac_ct_MANIFEST_TOOL=mt
ac_cv_prog_ac_ct_OBJDUMP=objdump
ac_cv_prog_ac_ct_RANLIB=ranlib
ac_cv_prog_ac_ct_STRIP=strip
ac_cv_prog_ac_libmodbus_have_asciidoc=no
ac_cv_prog_ac_libmodbus_have_xmlto=no
ac_cv_prog_cc_c11=
ac_cv_prog_cc_g=yes
ac_cv_prog_cc_stdc=
ac_cv_prog_cxx_cxx11=
ac_cv_prog_cxx_g=yes
ac_cv_prog_cxx_stdcxx=
ac_cv_prog_make_make_set=yes
ac_cv_safe_to_define___extensions__=yes
ac_cv_should_define__xopen_source=no
ac_cv_sys_file_offset_bits=no
ac_cv_sys_largefile_CC=no
ac_cv_type_pid_t=yes
ac_cv_type_size_t=yes
ac_cv_type_ssize_t=yes
am_cv_CC_dependencies_compiler_type=gcc3
am_cv_CXX_dependencies_compiler_type=gcc3
am_cv_make_support_nested_variables=yes
am_cv_prog_cc_c_o=yes
am_cv_prog_tar_pax=gnutar
lt_cv_ar_at_file=@
lt_cv_archive_cmds_need_lc=no
lt_cv_deplibs_check_method=pass_all
lt_cv_file_magic_cmd='$MAGIC_CMD'
lt_cv_file_magic_test_file=
lt_cv_ld_reload_flag=-r
lt_cv_nm_interface='BSD nm'
lt_cv_objdir=.libs
lt_cv_path_LD=/usr/bin/ld
lt_cv_path_LDCXX='/usr/bin/ld -m elf_x86_64'
lt_cv_path_NM='/usr/bin/nm -B'
lt_cv_path_mainfest_tool=no
lt_cv_prog_compiler_c_o=yes
lt_cv_prog_compiler_c_o_CXX=yes
lt_cv_prog_compiler_pic='-fPIC -DPIC'
lt_cv_prog_compiler_pic_CXX='-fPIC -DPIC'
lt_cv_prog_compiler_pic_works=yes
lt_cv_prog_compiler_pic_works_CXX=yes
lt_cv_prog_compiler_rtti_exceptions=no
lt_cv_prog_compiler_static_works=yes
lt_cv_prog_compiler_static_works_CXX=yes
lt_cv_prog_gnu_ld=yes
lt_cv_prog_gnu_ldcxx=yes
lt_cv_sharedlib_from_linklib_cmd='printf %s\n'
lt_cv_shlibpath_overrides_runpath=yes
lt_cv_sys_global_symbol_pipe='/usr/bin/sed -n -e '\''s/^.*[	 ]\([ABCDGIRSTW][ABCDGIRSTW]*\)[	 ][	 ]*\([_A-Za-z][_A-Za-z0-9]*\)$/\1 \2 \2/p'\'' | /usr/bin/sed '\''/ __gnu_lto/d'\'''
lt_cv_sys_global_symbol_to_c_name_address='/usr/bin/sed -n -e '\''s/^: \(.*\) .*$/  {"\1", (void *) 0},/p'\'' -e '\''s/^[ABCDGIRSTW][ABCDGIRSTW]* .* \(.*\)$/  {"\1", (void *) \&\1},/p'\'''
lt_cv_sys_global_symbol_to_c_name_address_lib_prefix='/usr/bin/sed -n -e '\''s/^: \(.*\) .*$/  {"\1", (void *) 0},/p'\'' -e '\''s/^[ABCDGIRSTW][ABCDGIRSTW]* .* \(lib.*\)$/  {"\1", (void *) \&\1},/p'\'' -e '\''s/^[ABCDGIRSTW][ABCDGIRSTW]* .* \(.*\)$/  {"lib\1", (void *) \&\1},/p'\'''
lt_cv_sys_global_symbol_to_cdecl='/usr/bin/sed -n -e '\''s/^T .* \(.*\)$/extern int \1();/p'\'' -e '\''s/^[ABCDGIRSTW][ABCDGIRSTW]* .* \(.*\)$/extern char \1;/p'\'''
lt_cv_sys_global_symbol_to_import=
lt_cv_sys_max_cmd_len=1572864
lt_cv_to_host_file_cmd=func_convert_file_noop
lt_cv_to_tool_file_cmd=func_convert_file_noop
lt_cv_truncate_bin='/usr/bin/dd bs=4096 count=1'

## ----------------- ##
## Output variables. ##
## ----------------- ##

ACLOCAL='${SHELL} '\''/home/ambitecs/proj/procont/src/procont-ex/utils/libmodbus_src/build-aux/missing'\'' aclocal-1.16'
AMDEPBACKSLASH='\'
AMDEP_FALSE='#'
AMDEP_TRUE=''
AMTAR='$${TAR-tar}'
AM_BACKSLASH='\'
AM_DEFAULT_V='$(AM_DEFAULT_VERBOSITY)'
AM_DEFAULT_VERBOSITY='0'
AM_V='$(V)'
AR='ar'
AS='as'
AUTOCONF='${SHELL} '\''/home/ambitecs/proj/procont/src/procont-ex/utils/libmodbus_src/build-aux/missing'\'' autoconf'
AUTOHEADER='${SHELL} '\''/home/ambitecs/proj/procont/src/procont-ex/utils/libmodbus_src/build-aux/missing'\'' autoheader'
AUTOMAKE='${SHELL} '\''/home/ambitecs/proj/procont/src/procont-ex/utils/libmodbus_src/build-aux/missing'\'' automake-1.16'
AWK='gawk'
BUILD_DOC_FALSE=''
BUILD_DOC_TRUE='#'
BUILD_TESTS_FALSE='#'
BUILD_TESTS_TRUE=''
CC='gcc'
CCDEPMODE='depmode=gcc3'
CFLAGS='-g -O2'
CPPFLAGS=''
CSCOPE='cscope'
CTAGS='ctags'
CXX='g++'
CXXCPP='g++ -E'
CXXDEPMODE='depmode=gcc3'
CXXFLAGS='-g -O2'
CYGPATH_W='echo'
DEFS='-DHAVE_CONFIG_H'
DEPDIR='.deps'
DLLTOOL='false'
DSYMUTIL=''
DUMPBIN=''
ECHO_C=''
ECHO_N='-n'
ECHO_T=''
EGREP='/usr/bin/grep -E'
ETAGS='etags'
EXEEXT=''
FGREP='/usr/bin/grep -F'
FILECMD='file'
GREP='/usr/bin/grep'
INSTALL_DATA='${INSTALL} -m 644'
INSTALL_PROGRAM='${INSTALL}'
INSTALL_SCRIPT='${INSTALL}'
INSTALL_STRIP_PROGRAM='$(install_sh) -c -s'
LD='/usr/bin/ld -m elf_x86_64'
LDFLAGS=''
LIBMODBUS_LT_VERSION_INFO='6:0:1'
LIBMODBUS_VERSION='3.1.4'
LIBMODBUS_VERSION_MAJOR='3'
LIBMODBUS_VERSION_MICRO='4'
LIBMODBUS_VERSION_MINOR='1'
LIBOBJS=''
LIBS=''
LIBTOOL='$(SHELL) $(top_builddir)/libtool'
LIPO=''
LN_S='ln -s'
LTLIBOBJS=''
LT_SYS_LIBRARY_PATH=''
MAKEINFO='${SHELL} '\''/home/ambitecs/proj/procont/src/procont-ex/utils/libmodbus_src/build-aux/missing'\'' makeinfo'
MANIFEST_TOOL=':'
MKDIR_P='/usr/bin/mkdir -p'
NM='/usr/bin/nm -B'
NMEDIT=''
OBJDUMP='objdump'
OBJEXT='o'
OS_QNX_FALSE=''
OS_QNX_TRUE='#'
OS_WIN32_FALSE=''
OS_WIN32_TRUE='#'
OTOOL64=''
OTOOL=''
PACKAGE='libmodbus'
PACKAGE_BUGREPORT='https://github.com/stephane/libmodbus/issues'
PACKAGE_NAME='libmodbus'
PACKAGE_STRING='libmodbus 3.1.4'
PACKAGE_TARNAME='libmodbus'
PACKAGE_URL='http://libmodbus.org/'
PACKAGE_VERSION='3.1.4'
PATH_SEPARATOR=':'
RANLIB='ranlib'
SED='/usr/bin/sed'
SET_MAKE=''
SHELL='/bin/sh'
STRIP='strip'
VERSION='3.1.4'
ac_ct_AR='ar'
ac_ct_CC='gcc'
ac_ct_CXX='g++'
ac_ct_DUMPBIN=''
ac_libmodbus_have_asciidoc='no'
ac_libmodbus_have_xmlto='no'
am__EXEEXT_FALSE=''
am__EXEEXT_TRUE='#'
am__fastdepCC_FALSE='#'
am__fastdepCC_TRUE=''
am__fastdepCXX_FALSE='#'
am__fastdepCXX_TRUE=''
am__include='include'
am__isrc=''
am__leading_dot='.'
am__nodep='_no'
am__quote=''
am__tar='tar --format=posix -chf - "$$tardir"'
am__untar='tar -xf -'
bindir='${exec_prefix}/bin'
build='x86_64-pc-linux-gnu'
build_alias=''
build_cpu='x86_64'
build_os='linux-gnu'
build_vendor='pc'
datadir='${datarootdir}'
datarootdir='${prefix}/share'
docdir='${datarootdir}/doc/${PACKAGE_TARNAME}'
dvidir='${docdir}'
exec_prefix='${prefix}'
host='x86_64-pc-linux-gnu'
host_alias=''
host_cpu='x86_64'
host_os='linux-gnu'
host_vendor='pc'
htmldir='${docdir}'
includedir='${prefix}/include'
infodir='${datarootdir}/info'
install_sh='${SHELL} /home/ambitecs/proj/procont/src/procont-ex/utils/libmodbus_src/build-aux/install-sh'
libdir='${exec_prefix}/lib'
libexecdir='${exec_prefix}/libexec'
localedir='${datarootdir}/locale'
localstatedir='${prefix}/var'
mandir='${datarootdir}/man'
mkdir_p='$(MKDIR_P)'
my_CFLAGS='-Wall -Wmissing-declarations -Wmissing-prototypes -Wnested-externs -Wpointer-arith -Wpointer-arith -Wsign-compare -Wchar-subscripts -Wstrict-prototypes -Wshadow -Wformat-security'
oldincludedir='/usr/include'
pdfdir='${docdir}'
prefix='/usr/local'
program_transform_name='s,x,x,'
psdir='${docdir}'
runstatedir='${localstatedir}/run'
sbindir='${exec_prefix}/sbin'
sharedstatedir='${prefix}/com'
sysconfdir='${prefix}/etc'
target_alias=''

## ----------- ##
## confdefs.h. ##
## ----------- ##

/* confdefs.h */
#define PACKAGE_NAME "libmodbus"
#define PACKAGE_TARNAME "libmodbus"
#define PACKAGE_VERSION "3.1.4"
#define PACKAGE_STRING "libmodbus 3.1.4"
#define PACKAGE_BUGREPORT "https://github.com/stephane/libmodbus/issues"
#define PACKAGE_URL "http://libmodbus.org/"
#define PACKAGE "libmodbus"
#define VERSION "3.1.4"
#define HAVE_STDIO_H 1
#define HAVE_STDLIB_H 1
#define HAVE_STRING_H 1
#define HAVE_INTTYPES_H 1
#define HAVE_STDINT_H 1
#define HAVE_STRINGS_H 1
#define HAVE_SYS_STAT_H 1
#define HAVE_SYS_TYPES_H 1
#define HAVE_UNISTD_H 1
#define HAVE_WCHAR_H 1
#define STDC_HEADERS 1
#define _ALL_SOURCE 1
#define _DARWIN_C_SOURCE 1
#define _GNU_SOURCE 1
#define _HPUX_ALT_XOPEN_SOCKET_API 1
#define _NETBSD_SOURCE 1
#define _OPENBSD_SOURCE 1
#define _POSIX_PTHREAD_SEMANTICS 1
#define __STDC_WANT_IEC_60559_ATTRIBS_EXT__ 1
#define __STDC_WANT_IEC_60559_BFP_EXT__ 1
#define __STDC_WANT_IEC_60559_DFP_EXT__ 1
#define __STDC_WANT_IEC_60559_FUNCS_EXT__ 1
#define __STDC_WANT_IEC_60559_TYPES_EXT__ 1
#define __STDC_WANT_LIB_EXT2__ 1
#define __STDC_WANT_MATH_SPEC_FUNCS__ 1
#define _TANDEM_SOURCE 1
#define __EXTENSIONS__ 1
#define HAVE_DLFCN_H 1
#define LT_OBJDIR ".libs/"
#define HAVE_ARPA_INET_H 1
#define HAVE_BYTESWAP_H 1
#define HAVE_ERRNO_H 1
#define HAVE_FCNTL_H 1
#define HAVE_LIMITS_H 1
#define HAVE_LINUX_SERIAL_H 1
#define HAVE_NETDB_H 1
#define HAVE_NETINET_IN_H 1
#define HAVE_NETINET_TCP_H 1
#define HAVE_SYS_IOCTL_H 1
#define HAVE_SYS_SOCKET_H 1
#define HAVE_SYS_TIME_H 1
#define HAVE_SYS_TYPES_H 1
#define HAVE_TERMIOS_H 1
#define HAVE_TIME_H 1
#define HAVE_UNISTD_H 1
#define HAVE_DECL___CYGWIN__ 0
#define HAVE_FORK 1
#define HAVE_VFORK 1
#define HAVE_WORKING_VFORK 1
#define HAVE_WORKING_FORK 1
#define HAVE_MALLOC 1
#define HAVE_ACCEPT4 1
#define HAVE_GETADDRINFO 1
#define HAVE_GETTIMEOFDAY 1
#define HAVE_INET_NTOA 1
#define HAVE_MEMSET 1
#define HAVE_SELECT 1
#define HAVE_SOCKET 1
#define HAVE_STRERROR 1
#define WINVER 0x0501
#define HAVE_DECL_TIOCSRS485 1
#define HAVE_DECL_TIOCM_RTS 1

configure: exit 0
