Performing C SOURCE FILE Test CMAKE_HAVE_LIBC_PTHREAD failed with the following output:
Change Dir: /home/master/projects/Procont_EE/utils/dnp3_src/CMakeFiles/CMakeTmp

Run Build Command(s):/usr/bin/gmake -f Makefile cmTC_ce4a3/fast && /usr/bin/gmake  -f CMakeFiles/cmTC_ce4a3.dir/build.make CMakeFiles/cmTC_ce4a3.dir/build
gmake[1]: вход в каталог «/home/master/projects/Procont_EE/utils/dnp3_src/CMakeFiles/CMakeTmp»
Building C object CMakeFiles/cmTC_ce4a3.dir/src.c.o
/usr/bin/cc -DCMAKE_HAVE_LIBC_PTHREAD   -o CMakeFiles/cmTC_ce4a3.dir/src.c.o -c /home/master/projects/Procont_EE/utils/dnp3_src/CMakeFiles/CMakeTmp/src.c
Linking C executable cmTC_ce4a3
/usr/bin/cmake -E cmake_link_script CMakeFiles/cmTC_ce4a3.dir/link.txt --verbose=1
/usr/bin/cc -rdynamic CMakeFiles/cmTC_ce4a3.dir/src.c.o -o cmTC_ce4a3 
ld: CMakeFiles/cmTC_ce4a3.dir/src.c.o: в функции «main»:
src.c:(.text+0x3e): неопределённая ссылка на «pthread_create»
ld: src.c:(.text+0x4a): неопределённая ссылка на «pthread_detach»
ld: src.c:(.text+0x56): неопределённая ссылка на «pthread_cancel»
ld: src.c:(.text+0x67): неопределённая ссылка на «pthread_join»
collect2: error: ld returned 1 exit status
gmake[1]: *** [CMakeFiles/cmTC_ce4a3.dir/build.make:99: cmTC_ce4a3] Ошибка 1
gmake[1]: выход из каталога «/home/master/projects/Procont_EE/utils/dnp3_src/CMakeFiles/CMakeTmp»
gmake: *** [Makefile:127: cmTC_ce4a3/fast] Ошибка 2


Source file was:
#include <pthread.h>

static void* test_func(void* data)
{
  return data;
}

int main(void)
{
  pthread_t thread;
  pthread_create(&thread, NULL, test_func, NULL);
  pthread_detach(thread);
  pthread_cancel(thread);
  pthread_join(thread, NULL);
  pthread_atfork(NULL, NULL, NULL);
  pthread_exit(NULL);

  return 0;
}

Determining if the function pthread_create exists in the pthreads failed with the following output:
Change Dir: /home/master/projects/Procont_EE/utils/dnp3_src/CMakeFiles/CMakeTmp

Run Build Command(s):/usr/bin/gmake -f Makefile cmTC_be613/fast && /usr/bin/gmake  -f CMakeFiles/cmTC_be613.dir/build.make CMakeFiles/cmTC_be613.dir/build
gmake[1]: вход в каталог «/home/master/projects/Procont_EE/utils/dnp3_src/CMakeFiles/CMakeTmp»
Building C object CMakeFiles/cmTC_be613.dir/CheckFunctionExists.c.o
/usr/bin/cc   -DCHECK_FUNCTION_EXISTS=pthread_create -o CMakeFiles/cmTC_be613.dir/CheckFunctionExists.c.o -c /usr/share/cmake/Modules/CheckFunctionExists.c
Linking C executable cmTC_be613
/usr/bin/cmake -E cmake_link_script CMakeFiles/cmTC_be613.dir/link.txt --verbose=1
/usr/bin/cc  -DCHECK_FUNCTION_EXISTS=pthread_create -rdynamic CMakeFiles/cmTC_be613.dir/CheckFunctionExists.c.o -o cmTC_be613  -lpthreads 
ld: невозможно найти -lpthreads
collect2: error: ld returned 1 exit status
gmake[1]: *** [CMakeFiles/cmTC_be613.dir/build.make:99: cmTC_be613] Ошибка 1
gmake[1]: выход из каталога «/home/master/projects/Procont_EE/utils/dnp3_src/CMakeFiles/CMakeTmp»
gmake: *** [Makefile:127: cmTC_be613/fast] Ошибка 2



